[2019-12-11 16:52:17] laravel.EMERGENCY: Unable to create configured logger. Using emergency logger. {"exception":"[object] (InvalidArgumentException(code: 0): Log [] is not defined. at D:\\PHPCode\\laravel\\vendor\\laravel\\framework\\src\\Illuminate\\Log\\LogManager.php:184)
[stacktrace]
#0 D:\\PHPCode\\laravel\\vendor\\laravel\\framework\\src\\Illuminate\\Log\\LogManager.php(118): Illuminate\\Log\\LogManager->resolve(NULL)
#1 D:\\PHPCode\\laravel\\vendor\\laravel\\framework\\src\\Illuminate\\Log\\LogManager.php(98): Illuminate\\Log\\LogManager->get(NULL)
#2 D:\\PHPCode\\laravel\\vendor\\laravel\\framework\\src\\Illuminate\\Log\\LogManager.php(539): Illuminate\\Log\\LogManager->driver()
#3 D:\\PHPCode\\laravel\\vendor\\laravel\\framework\\src\\Illuminate\\Foundation\\Exceptions\\Handler.php(118): Illuminate\\Log\\LogManager->error('Unresolvable de...', Array)
#4 D:\\PHPCode\\laravel\\app\\Exceptions\\Handler.php(38): Illuminate\\Foundation\\Exceptions\\Handler->report(Object(Illuminate\\Contracts\\Container\\BindingResolutionException))
#5 D:\\PHPCode\\laravel\\vendor\\laravel\\framework\\src\\Illuminate\\Foundation\\Http\\Kernel.php(315): App\\Exceptions\\Handler->report(Object(Illuminate\\Contracts\\Container\\BindingResolutionException))
#6 D:\\PHPCode\\laravel\\vendor\\laravel\\framework\\src\\Illuminate\\Foundation\\Http\\Kernel.php(119): Illuminate\\Foundation\\Http\\Kernel->reportException(Object(Illuminate\\Contracts\\Container\\BindingResolutionException))
#7 D:\\PHPCode\\laravel\\public\\index.php(55): Illuminate\\Foundation\\Http\\Kernel->handle(Object(Illuminate\\Http\\Request))
#8 {main}
"} 
[2019-12-11 16:52:17] laravel.ERROR: Unresolvable dependency resolving [Parameter #1 [ <required> array $format ]] in class Dingo\Api\Exception\Handler {"exception":"[object] (Illuminate\\Contracts\\Container\\BindingResolutionException(code: 0): Unresolvable dependency resolving [Parameter #1 [ <required> array $format ]] in class Dingo\\Api\\Exception\\Handler at D:\\PHPCode\\laravel\\vendor\\laravel\\framework\\src\\Illuminate\\Container\\Container.php:993)
[stacktrace]
#0 D:\\PHPCode\\laravel\\vendor\\laravel\\framework\\src\\Illuminate\\Container\\Container.php(931): Illuminate\\Container\\Container->unresolvablePrimitive(Object(ReflectionParameter))
#1 D:\\PHPCode\\laravel\\vendor\\laravel\\framework\\src\\Illuminate\\Container\\Container.php(872): Illuminate\\Container\\Container->resolvePrimitive(Object(ReflectionParameter))
#2 D:\\PHPCode\\laravel\\vendor\\laravel\\framework\\src\\Illuminate\\Container\\Container.php(834): Illuminate\\Container\\Container->resolveDependencies(Array)
#3 D:\\PHPCode\\laravel\\vendor\\laravel\\framework\\src\\Illuminate\\Container\\Container.php(681): Illuminate\\Container\\Container->build('Dingo\\\\Api\\\\Excep...')
#4 D:\\PHPCode\\laravel\\vendor\\laravel\\framework\\src\\Illuminate\\Container\\Container.php(629): Illuminate\\Container\\Container->resolve('Dingo\\\\Api\\\\Excep...', Array)
#5 D:\\PHPCode\\laravel\\vendor\\laravel\\framework\\src\\Illuminate\\Foundation\\Application.php(769): Illuminate\\Container\\Container->make('Dingo\\\\Api\\\\Excep...', Array)
#6 D:\\PHPCode\\laravel\\vendor\\laravel\\framework\\src\\Illuminate\\Container\\Container.php(1245): Illuminate\\Foundation\\Application->make('Dingo\\\\Api\\\\Excep...')
#7 D:\\PHPCode\\laravel\\config\\api.php(3): Illuminate\\Container\\Container->offsetGet('Dingo\\\\Api\\\\Excep...')
#8 D:\\PHPCode\\laravel\\vendor\\laravel\\framework\\src\\Illuminate\\Foundation\\Bootstrap\\LoadConfiguration.php(72): require('D:\\\\PHPCode\\\\lara...')
#9 D:\\PHPCode\\laravel\\vendor\\laravel\\framework\\src\\Illuminate\\Foundation\\Bootstrap\\LoadConfiguration.php(39): Illuminate\\Foundation\\Bootstrap\\LoadConfiguration->loadConfigurationFiles(Object(Illuminate\\Foundation\\Application), Object(Illuminate\\Config\\Repository))
#10 D:\\PHPCode\\laravel\\vendor\\laravel\\framework\\src\\Illuminate\\Foundation\\Application.php(212): Illuminate\\Foundation\\Bootstrap\\LoadConfiguration->bootstrap(Object(Illuminate\\Foundation\\Application))
#11 D:\\PHPCode\\laravel\\vendor\\laravel\\framework\\src\\Illuminate\\Foundation\\Http\\Kernel.php(163): Illuminate\\Foundation\\Application->bootstrapWith(Array)
#12 D:\\PHPCode\\laravel\\vendor\\laravel\\framework\\src\\Illuminate\\Foundation\\Http\\Kernel.php(147): Illuminate\\Foundation\\Http\\Kernel->bootstrap()
#13 D:\\PHPCode\\laravel\\vendor\\laravel\\framework\\src\\Illuminate\\Foundation\\Http\\Kernel.php(117): Illuminate\\Foundation\\Http\\Kernel->sendRequestThroughRouter(Object(Illuminate\\Http\\Request))
#14 D:\\PHPCode\\laravel\\public\\index.php(55): Illuminate\\Foundation\\Http\\Kernel->handle(Object(Illuminate\\Http\\Request))
#15 {main}
"} 
[2019-12-11 16:53:17] laravel.EMERGENCY: Unable to create configured logger. Using emergency logger. {"exception":"[object] (InvalidArgumentException(code: 0): Log [] is not defined. at D:\\PHPCode\\laravel\\vendor\\laravel\\framework\\src\\Illuminate\\Log\\LogManager.php:184)
[stacktrace]
#0 D:\\PHPCode\\laravel\\vendor\\laravel\\framework\\src\\Illuminate\\Log\\LogManager.php(118): Illuminate\\Log\\LogManager->resolve(NULL)
#1 D:\\PHPCode\\laravel\\vendor\\laravel\\framework\\src\\Illuminate\\Log\\LogManager.php(98): Illuminate\\Log\\LogManager->get(NULL)
#2 D:\\PHPCode\\laravel\\vendor\\laravel\\framework\\src\\Illuminate\\Log\\LogManager.php(539): Illuminate\\Log\\LogManager->driver()
#3 D:\\PHPCode\\laravel\\vendor\\laravel\\framework\\src\\Illuminate\\Foundation\\Exceptions\\Handler.php(118): Illuminate\\Log\\LogManager->error('Unresolvable de...', Array)
#4 D:\\PHPCode\\laravel\\app\\Exceptions\\Handler.php(38): Illuminate\\Foundation\\Exceptions\\Handler->report(Object(Illuminate\\Contracts\\Container\\BindingResolutionException))
#5 D:\\PHPCode\\laravel\\vendor\\laravel\\framework\\src\\Illuminate\\Foundation\\Http\\Kernel.php(315): App\\Exceptions\\Handler->report(Object(Illuminate\\Contracts\\Container\\BindingResolutionException))
#6 D:\\PHPCode\\laravel\\vendor\\laravel\\framework\\src\\Illuminate\\Foundation\\Http\\Kernel.php(119): Illuminate\\Foundation\\Http\\Kernel->reportException(Object(Illuminate\\Contracts\\Container\\BindingResolutionException))
#7 D:\\PHPCode\\laravel\\public\\index.php(55): Illuminate\\Foundation\\Http\\Kernel->handle(Object(Illuminate\\Http\\Request))
#8 {main}
"} 
[2019-12-11 16:53:17] laravel.ERROR: Unresolvable dependency resolving [Parameter #1 [ <required> array $format ]] in class Dingo\Api\Exception\Handler {"exception":"[object] (Illuminate\\Contracts\\Container\\BindingResolutionException(code: 0): Unresolvable dependency resolving [Parameter #1 [ <required> array $format ]] in class Dingo\\Api\\Exception\\Handler at D:\\PHPCode\\laravel\\vendor\\laravel\\framework\\src\\Illuminate\\Container\\Container.php:993)
[stacktrace]
#0 D:\\PHPCode\\laravel\\vendor\\laravel\\framework\\src\\Illuminate\\Container\\Container.php(931): Illuminate\\Container\\Container->unresolvablePrimitive(Object(ReflectionParameter))
#1 D:\\PHPCode\\laravel\\vendor\\laravel\\framework\\src\\Illuminate\\Container\\Container.php(872): Illuminate\\Container\\Container->resolvePrimitive(Object(ReflectionParameter))
#2 D:\\PHPCode\\laravel\\vendor\\laravel\\framework\\src\\Illuminate\\Container\\Container.php(834): Illuminate\\Container\\Container->resolveDependencies(Array)
#3 D:\\PHPCode\\laravel\\vendor\\laravel\\framework\\src\\Illuminate\\Container\\Container.php(681): Illuminate\\Container\\Container->build('Dingo\\\\Api\\\\Excep...')
#4 D:\\PHPCode\\laravel\\vendor\\laravel\\framework\\src\\Illuminate\\Container\\Container.php(629): Illuminate\\Container\\Container->resolve('Dingo\\\\Api\\\\Excep...', Array)
#5 D:\\PHPCode\\laravel\\vendor\\laravel\\framework\\src\\Illuminate\\Foundation\\Application.php(769): Illuminate\\Container\\Container->make('Dingo\\\\Api\\\\Excep...', Array)
#6 D:\\PHPCode\\laravel\\vendor\\laravel\\framework\\src\\Illuminate\\Container\\Container.php(1245): Illuminate\\Foundation\\Application->make('Dingo\\\\Api\\\\Excep...')
#7 D:\\PHPCode\\laravel\\config\\api.php(3): Illuminate\\Container\\Container->offsetGet('Dingo\\\\Api\\\\Excep...')
#8 D:\\PHPCode\\laravel\\vendor\\laravel\\framework\\src\\Illuminate\\Foundation\\Bootstrap\\LoadConfiguration.php(72): require('D:\\\\PHPCode\\\\lara...')
#9 D:\\PHPCode\\laravel\\vendor\\laravel\\framework\\src\\Illuminate\\Foundation\\Bootstrap\\LoadConfiguration.php(39): Illuminate\\Foundation\\Bootstrap\\LoadConfiguration->loadConfigurationFiles(Object(Illuminate\\Foundation\\Application), Object(Illuminate\\Config\\Repository))
#10 D:\\PHPCode\\laravel\\vendor\\laravel\\framework\\src\\Illuminate\\Foundation\\Application.php(212): Illuminate\\Foundation\\Bootstrap\\LoadConfiguration->bootstrap(Object(Illuminate\\Foundation\\Application))
#11 D:\\PHPCode\\laravel\\vendor\\laravel\\framework\\src\\Illuminate\\Foundation\\Http\\Kernel.php(163): Illuminate\\Foundation\\Application->bootstrapWith(Array)
#12 D:\\PHPCode\\laravel\\vendor\\laravel\\framework\\src\\Illuminate\\Foundation\\Http\\Kernel.php(147): Illuminate\\Foundation\\Http\\Kernel->bootstrap()
#13 D:\\PHPCode\\laravel\\vendor\\laravel\\framework\\src\\Illuminate\\Foundation\\Http\\Kernel.php(117): Illuminate\\Foundation\\Http\\Kernel->sendRequestThroughRouter(Object(Illuminate\\Http\\Request))
#14 D:\\PHPCode\\laravel\\public\\index.php(55): Illuminate\\Foundation\\Http\\Kernel->handle(Object(Illuminate\\Http\\Request))
#15 {main}
"} 
