[2019-12-09 08:35:09] local.ERROR: Unable to boot ApiServiceProvider, configure an API domain or prefix. {"exception":"[object] (RuntimeException(code: 0): Unable to boot ApiServiceProvider, configure an API domain or prefix. at D:\\PHPCode\\laravel\\vendor\\dingo\\api\\src\\Provider\\DingoServiceProvider.php:83)
[stacktrace]
#0 D:\\PHPCode\\laravel\\vendor\\dingo\\api\\src\\Provider\\DingoServiceProvider.php(47): Dingo\\Api\\Provider\\DingoServiceProvider->registerConfig()
#1 D:\\PHPCode\\laravel\\vendor\\dingo\\api\\src\\Provider\\LaravelServiceProvider.php(108): Dingo\\Api\\Provider\\DingoServiceProvider->register()
#2 D:\\PHPCode\\laravel\\vendor\\laravel\\framework\\src\\Illuminate\\Foundation\\Application.php(609): Dingo\\Api\\Provider\\LaravelServiceProvider->register()
#3 D:\\PHPCode\\laravel\\vendor\\laravel\\framework\\src\\Illuminate\\Foundation\\ProviderRepository.php(75): Illuminate\\Foundation\\Application->register(Object(Dingo\\Api\\Provider\\LaravelServiceProvider))
#4 D:\\PHPCode\\laravel\\vendor\\laravel\\framework\\src\\Illuminate\\Foundation\\Application.php(586): Illuminate\\Foundation\\ProviderRepository->load(Array)
#5 D:\\PHPCode\\laravel\\vendor\\laravel\\framework\\src\\Illuminate\\Foundation\\Bootstrap\\RegisterProviders.php(17): Illuminate\\Foundation\\Application->registerConfiguredProviders()
#6 D:\\PHPCode\\laravel\\vendor\\laravel\\framework\\src\\Illuminate\\Foundation\\Application.php(212): Illuminate\\Foundation\\Bootstrap\\RegisterProviders->bootstrap(Object(Illuminate\\Foundation\\Application))
#7 D:\\PHPCode\\laravel\\vendor\\laravel\\framework\\src\\Illuminate\\Foundation\\Http\\Kernel.php(163): Illuminate\\Foundation\\Application->bootstrapWith(Array)
#8 D:\\PHPCode\\laravel\\vendor\\laravel\\framework\\src\\Illuminate\\Foundation\\Http\\Kernel.php(147): Illuminate\\Foundation\\Http\\Kernel->bootstrap()
#9 D:\\PHPCode\\laravel\\vendor\\laravel\\framework\\src\\Illuminate\\Foundation\\Http\\Kernel.php(117): Illuminate\\Foundation\\Http\\Kernel->sendRequestThroughRouter(Object(Illuminate\\Http\\Request))
#10 D:\\PHPCode\\laravel\\public\\index.php(55): Illuminate\\Foundation\\Http\\Kernel->handle(Object(Illuminate\\Http\\Request))
#11 {main}
"} 
[2019-12-09 08:36:53] local.ERROR: Unable to boot ApiServiceProvider, configure an API domain or prefix. {"exception":"[object] (RuntimeException(code: 0): Unable to boot ApiServiceProvider, configure an API domain or prefix. at D:\\PHPCode\\laravel\\vendor\\dingo\\api\\src\\Provider\\DingoServiceProvider.php:83)
[stacktrace]
#0 D:\\PHPCode\\laravel\\vendor\\dingo\\api\\src\\Provider\\DingoServiceProvider.php(47): Dingo\\Api\\Provider\\DingoServiceProvider->registerConfig()
#1 D:\\PHPCode\\laravel\\vendor\\dingo\\api\\src\\Provider\\LaravelServiceProvider.php(108): Dingo\\Api\\Provider\\DingoServiceProvider->register()
#2 D:\\PHPCode\\laravel\\vendor\\laravel\\framework\\src\\Illuminate\\Foundation\\Application.php(609): Dingo\\Api\\Provider\\LaravelServiceProvider->register()
#3 D:\\PHPCode\\laravel\\vendor\\laravel\\framework\\src\\Illuminate\\Foundation\\ProviderRepository.php(75): Illuminate\\Foundation\\Application->register(Object(Dingo\\Api\\Provider\\LaravelServiceProvider))
#4 D:\\PHPCode\\laravel\\vendor\\laravel\\framework\\src\\Illuminate\\Foundation\\Application.php(586): Illuminate\\Foundation\\ProviderRepository->load(Array)
#5 D:\\PHPCode\\laravel\\vendor\\laravel\\framework\\src\\Illuminate\\Foundation\\Bootstrap\\RegisterProviders.php(17): Illuminate\\Foundation\\Application->registerConfiguredProviders()
#6 D:\\PHPCode\\laravel\\vendor\\laravel\\framework\\src\\Illuminate\\Foundation\\Application.php(212): Illuminate\\Foundation\\Bootstrap\\RegisterProviders->bootstrap(Object(Illuminate\\Foundation\\Application))
#7 D:\\PHPCode\\laravel\\vendor\\laravel\\framework\\src\\Illuminate\\Foundation\\Http\\Kernel.php(163): Illuminate\\Foundation\\Application->bootstrapWith(Array)
#8 D:\\PHPCode\\laravel\\vendor\\laravel\\framework\\src\\Illuminate\\Foundation\\Http\\Kernel.php(147): Illuminate\\Foundation\\Http\\Kernel->bootstrap()
#9 D:\\PHPCode\\laravel\\vendor\\laravel\\framework\\src\\Illuminate\\Foundation\\Http\\Kernel.php(117): Illuminate\\Foundation\\Http\\Kernel->sendRequestThroughRouter(Object(Illuminate\\Http\\Request))
#10 D:\\PHPCode\\laravel\\public\\index.php(55): Illuminate\\Foundation\\Http\\Kernel->handle(Object(Illuminate\\Http\\Request))
#11 {main}
"} 
[2019-12-09 08:37:13] local.ERROR: Unable to boot ApiServiceProvider, configure an API domain or prefix. {"exception":"[object] (RuntimeException(code: 0): Unable to boot ApiServiceProvider, configure an API domain or prefix. at D:\\PHPCode\\laravel\\vendor\\dingo\\api\\src\\Provider\\DingoServiceProvider.php:83)
[stacktrace]
#0 D:\\PHPCode\\laravel\\vendor\\dingo\\api\\src\\Provider\\DingoServiceProvider.php(47): Dingo\\Api\\Provider\\DingoServiceProvider->registerConfig()
#1 D:\\PHPCode\\laravel\\vendor\\dingo\\api\\src\\Provider\\LaravelServiceProvider.php(108): Dingo\\Api\\Provider\\DingoServiceProvider->register()
#2 D:\\PHPCode\\laravel\\vendor\\laravel\\framework\\src\\Illuminate\\Foundation\\Application.php(609): Dingo\\Api\\Provider\\LaravelServiceProvider->register()
#3 D:\\PHPCode\\laravel\\vendor\\laravel\\framework\\src\\Illuminate\\Foundation\\ProviderRepository.php(75): Illuminate\\Foundation\\Application->register(Object(Dingo\\Api\\Provider\\LaravelServiceProvider))
#4 D:\\PHPCode\\laravel\\vendor\\laravel\\framework\\src\\Illuminate\\Foundation\\Application.php(586): Illuminate\\Foundation\\ProviderRepository->load(Array)
#5 D:\\PHPCode\\laravel\\vendor\\laravel\\framework\\src\\Illuminate\\Foundation\\Bootstrap\\RegisterProviders.php(17): Illuminate\\Foundation\\Application->registerConfiguredProviders()
#6 D:\\PHPCode\\laravel\\vendor\\laravel\\framework\\src\\Illuminate\\Foundation\\Application.php(212): Illuminate\\Foundation\\Bootstrap\\RegisterProviders->bootstrap(Object(Illuminate\\Foundation\\Application))
#7 D:\\PHPCode\\laravel\\vendor\\laravel\\framework\\src\\Illuminate\\Foundation\\Http\\Kernel.php(163): Illuminate\\Foundation\\Application->bootstrapWith(Array)
#8 D:\\PHPCode\\laravel\\vendor\\laravel\\framework\\src\\Illuminate\\Foundation\\Http\\Kernel.php(147): Illuminate\\Foundation\\Http\\Kernel->bootstrap()
#9 D:\\PHPCode\\laravel\\vendor\\laravel\\framework\\src\\Illuminate\\Foundation\\Http\\Kernel.php(117): Illuminate\\Foundation\\Http\\Kernel->sendRequestThroughRouter(Object(Illuminate\\Http\\Request))
#10 D:\\PHPCode\\laravel\\public\\index.php(55): Illuminate\\Foundation\\Http\\Kernel->handle(Object(Illuminate\\Http\\Request))
#11 {main}
"} 
[2019-12-09 08:37:20] local.ERROR: Unable to boot ApiServiceProvider, configure an API domain or prefix. {"exception":"[object] (RuntimeException(code: 0): Unable to boot ApiServiceProvider, configure an API domain or prefix. at D:\\PHPCode\\laravel\\vendor\\dingo\\api\\src\\Provider\\DingoServiceProvider.php:83)
[stacktrace]
#0 D:\\PHPCode\\laravel\\vendor\\dingo\\api\\src\\Provider\\DingoServiceProvider.php(47): Dingo\\Api\\Provider\\DingoServiceProvider->registerConfig()
#1 D:\\PHPCode\\laravel\\vendor\\dingo\\api\\src\\Provider\\LaravelServiceProvider.php(108): Dingo\\Api\\Provider\\DingoServiceProvider->register()
#2 D:\\PHPCode\\laravel\\vendor\\laravel\\framework\\src\\Illuminate\\Foundation\\Application.php(609): Dingo\\Api\\Provider\\LaravelServiceProvider->register()
#3 D:\\PHPCode\\laravel\\vendor\\laravel\\framework\\src\\Illuminate\\Foundation\\ProviderRepository.php(75): Illuminate\\Foundation\\Application->register(Object(Dingo\\Api\\Provider\\LaravelServiceProvider))
#4 D:\\PHPCode\\laravel\\vendor\\laravel\\framework\\src\\Illuminate\\Foundation\\Application.php(586): Illuminate\\Foundation\\ProviderRepository->load(Array)
#5 D:\\PHPCode\\laravel\\vendor\\laravel\\framework\\src\\Illuminate\\Foundation\\Bootstrap\\RegisterProviders.php(17): Illuminate\\Foundation\\Application->registerConfiguredProviders()
#6 D:\\PHPCode\\laravel\\vendor\\laravel\\framework\\src\\Illuminate\\Foundation\\Application.php(212): Illuminate\\Foundation\\Bootstrap\\RegisterProviders->bootstrap(Object(Illuminate\\Foundation\\Application))
#7 D:\\PHPCode\\laravel\\vendor\\laravel\\framework\\src\\Illuminate\\Foundation\\Http\\Kernel.php(163): Illuminate\\Foundation\\Application->bootstrapWith(Array)
#8 D:\\PHPCode\\laravel\\vendor\\laravel\\framework\\src\\Illuminate\\Foundation\\Http\\Kernel.php(147): Illuminate\\Foundation\\Http\\Kernel->bootstrap()
#9 D:\\PHPCode\\laravel\\vendor\\laravel\\framework\\src\\Illuminate\\Foundation\\Http\\Kernel.php(117): Illuminate\\Foundation\\Http\\Kernel->sendRequestThroughRouter(Object(Illuminate\\Http\\Request))
#10 D:\\PHPCode\\laravel\\public\\index.php(55): Illuminate\\Foundation\\Http\\Kernel->handle(Object(Illuminate\\Http\\Request))
#11 {main}
"} 
[2019-12-09 08:37:23] local.ERROR: Unable to boot ApiServiceProvider, configure an API domain or prefix. {"exception":"[object] (RuntimeException(code: 0): Unable to boot ApiServiceProvider, configure an API domain or prefix. at D:\\PHPCode\\laravel\\vendor\\dingo\\api\\src\\Provider\\DingoServiceProvider.php:83)
[stacktrace]
#0 D:\\PHPCode\\laravel\\vendor\\dingo\\api\\src\\Provider\\DingoServiceProvider.php(47): Dingo\\Api\\Provider\\DingoServiceProvider->registerConfig()
#1 D:\\PHPCode\\laravel\\vendor\\dingo\\api\\src\\Provider\\LaravelServiceProvider.php(108): Dingo\\Api\\Provider\\DingoServiceProvider->register()
#2 D:\\PHPCode\\laravel\\vendor\\laravel\\framework\\src\\Illuminate\\Foundation\\Application.php(609): Dingo\\Api\\Provider\\LaravelServiceProvider->register()
#3 D:\\PHPCode\\laravel\\vendor\\laravel\\framework\\src\\Illuminate\\Foundation\\ProviderRepository.php(75): Illuminate\\Foundation\\Application->register(Object(Dingo\\Api\\Provider\\LaravelServiceProvider))
#4 D:\\PHPCode\\laravel\\vendor\\laravel\\framework\\src\\Illuminate\\Foundation\\Application.php(586): Illuminate\\Foundation\\ProviderRepository->load(Array)
#5 D:\\PHPCode\\laravel\\vendor\\laravel\\framework\\src\\Illuminate\\Foundation\\Bootstrap\\RegisterProviders.php(17): Illuminate\\Foundation\\Application->registerConfiguredProviders()
#6 D:\\PHPCode\\laravel\\vendor\\laravel\\framework\\src\\Illuminate\\Foundation\\Application.php(212): Illuminate\\Foundation\\Bootstrap\\RegisterProviders->bootstrap(Object(Illuminate\\Foundation\\Application))
#7 D:\\PHPCode\\laravel\\vendor\\laravel\\framework\\src\\Illuminate\\Foundation\\Http\\Kernel.php(163): Illuminate\\Foundation\\Application->bootstrapWith(Array)
#8 D:\\PHPCode\\laravel\\vendor\\laravel\\framework\\src\\Illuminate\\Foundation\\Http\\Kernel.php(147): Illuminate\\Foundation\\Http\\Kernel->bootstrap()
#9 D:\\PHPCode\\laravel\\vendor\\laravel\\framework\\src\\Illuminate\\Foundation\\Http\\Kernel.php(117): Illuminate\\Foundation\\Http\\Kernel->sendRequestThroughRouter(Object(Illuminate\\Http\\Request))
#10 D:\\PHPCode\\laravel\\public\\index.php(55): Illuminate\\Foundation\\Http\\Kernel->handle(Object(Illuminate\\Http\\Request))
#11 {main}
"} 
[2019-12-09 08:38:59] local.ERROR: Unable to boot ApiServiceProvider, configure an API domain or prefix. {"exception":"[object] (RuntimeException(code: 0): Unable to boot ApiServiceProvider, configure an API domain or prefix. at D:\\PHPCode\\laravel\\vendor\\dingo\\api\\src\\Provider\\DingoServiceProvider.php:83)
[stacktrace]
#0 D:\\PHPCode\\laravel\\vendor\\dingo\\api\\src\\Provider\\DingoServiceProvider.php(47): Dingo\\Api\\Provider\\DingoServiceProvider->registerConfig()
#1 D:\\PHPCode\\laravel\\vendor\\dingo\\api\\src\\Provider\\LaravelServiceProvider.php(108): Dingo\\Api\\Provider\\DingoServiceProvider->register()
#2 D:\\PHPCode\\laravel\\vendor\\laravel\\framework\\src\\Illuminate\\Foundation\\Application.php(609): Dingo\\Api\\Provider\\LaravelServiceProvider->register()
#3 D:\\PHPCode\\laravel\\vendor\\laravel\\framework\\src\\Illuminate\\Foundation\\ProviderRepository.php(75): Illuminate\\Foundation\\Application->register(Object(Dingo\\Api\\Provider\\LaravelServiceProvider))
#4 D:\\PHPCode\\laravel\\vendor\\laravel\\framework\\src\\Illuminate\\Foundation\\Application.php(586): Illuminate\\Foundation\\ProviderRepository->load(Array)
#5 D:\\PHPCode\\laravel\\vendor\\laravel\\framework\\src\\Illuminate\\Foundation\\Bootstrap\\RegisterProviders.php(17): Illuminate\\Foundation\\Application->registerConfiguredProviders()
#6 D:\\PHPCode\\laravel\\vendor\\laravel\\framework\\src\\Illuminate\\Foundation\\Application.php(212): Illuminate\\Foundation\\Bootstrap\\RegisterProviders->bootstrap(Object(Illuminate\\Foundation\\Application))
#7 D:\\PHPCode\\laravel\\vendor\\laravel\\framework\\src\\Illuminate\\Foundation\\Http\\Kernel.php(163): Illuminate\\Foundation\\Application->bootstrapWith(Array)
#8 D:\\PHPCode\\laravel\\vendor\\laravel\\framework\\src\\Illuminate\\Foundation\\Http\\Kernel.php(147): Illuminate\\Foundation\\Http\\Kernel->bootstrap()
#9 D:\\PHPCode\\laravel\\vendor\\laravel\\framework\\src\\Illuminate\\Foundation\\Http\\Kernel.php(117): Illuminate\\Foundation\\Http\\Kernel->sendRequestThroughRouter(Object(Illuminate\\Http\\Request))
#10 D:\\PHPCode\\laravel\\public\\index.php(55): Illuminate\\Foundation\\Http\\Kernel->handle(Object(Illuminate\\Http\\Request))
#11 {main}
"} 
[2019-12-09 08:41:21] local.ERROR: Unresolvable dependency resolving [Parameter #3 [ <required> $route ]] in class Dingo\Api\Routing\Route {"exception":"[object] (Illuminate\\Contracts\\Container\\BindingResolutionException(code: 0): Unresolvable dependency resolving [Parameter #3 [ <required> $route ]] in class Dingo\\Api\\Routing\\Route at D:\\PHPCode\\laravel\\vendor\\laravel\\framework\\src\\Illuminate\\Container\\Container.php:993)
[stacktrace]
#0 D:\\PHPCode\\laravel\\vendor\\laravel\\framework\\src\\Illuminate\\Container\\Container.php(931): Illuminate\\Container\\Container->unresolvablePrimitive(Object(ReflectionParameter))
#1 D:\\PHPCode\\laravel\\vendor\\laravel\\framework\\src\\Illuminate\\Container\\Container.php(872): Illuminate\\Container\\Container->resolvePrimitive(Object(ReflectionParameter))
#2 D:\\PHPCode\\laravel\\vendor\\laravel\\framework\\src\\Illuminate\\Container\\Container.php(834): Illuminate\\Container\\Container->resolveDependencies(Array)
#3 D:\\PHPCode\\laravel\\vendor\\laravel\\framework\\src\\Illuminate\\Container\\Container.php(681): Illuminate\\Container\\Container->build('Dingo\\\\Api\\\\Routi...')
#4 D:\\PHPCode\\laravel\\vendor\\laravel\\framework\\src\\Illuminate\\Container\\Container.php(629): Illuminate\\Container\\Container->resolve('Dingo\\\\Api\\\\Routi...', Array)
#5 D:\\PHPCode\\laravel\\vendor\\laravel\\framework\\src\\Illuminate\\Foundation\\Application.php(769): Illuminate\\Container\\Container->make('Dingo\\\\Api\\\\Routi...', Array)
#6 D:\\PHPCode\\laravel\\vendor\\laravel\\framework\\src\\Illuminate\\Foundation\\helpers.php(121): Illuminate\\Foundation\\Application->make('Dingo\\\\Api\\\\Routi...', Array)
#7 D:\\PHPCode\\laravel\outes\\api.php(20): app('Dingo\\\\Api\\\\Routi...')
#8 D:\\PHPCode\\laravel\\vendor\\laravel\\framework\\src\\Illuminate\\Routing\\RouteFileRegistrar.php(35): require('D:\\\\PHPCode\\\\lara...')
#9 D:\\PHPCode\\laravel\\vendor\\laravel\\framework\\src\\Illuminate\\Routing\\Router.php(416): Illuminate\\Routing\\RouteFileRegistrar->register('D:\\\\PHPCode\\\\lara...')
#10 D:\\PHPCode\\laravel\\vendor\\laravel\\framework\\src\\Illuminate\\Routing\\Router.php(374): Illuminate\\Routing\\Router->loadRoutes('D:\\\\PHPCode\\\\lara...')
#11 D:\\PHPCode\\laravel\\vendor\\laravel\\framework\\src\\Illuminate\\Routing\\RouteRegistrar.php(121): Illuminate\\Routing\\Router->group(Array, 'D:\\\\PHPCode\\\\lara...')
#12 D:\\PHPCode\\laravel\\app\\Providers\\RouteServiceProvider.php(71): Illuminate\\Routing\\RouteRegistrar->group('D:\\\\PHPCode\\\\lara...')
#13 D:\\PHPCode\\laravel\\app\\Providers\\RouteServiceProvider.php(38): App\\Providers\\RouteServiceProvider->mapApiRoutes()
#14 [internal function]: App\\Providers\\RouteServiceProvider->map()
#15 D:\\PHPCode\\laravel\\vendor\\laravel\\framework\\src\\Illuminate\\Container\\BoundMethod.php(32): call_user_func_array(Array, Array)
#16 D:\\PHPCode\\laravel\\vendor\\laravel\\framework\\src\\Illuminate\\Container\\Util.php(36): Illuminate\\Container\\BoundMethod::Illuminate\\Container\\{closure}()
#17 D:\\PHPCode\\laravel\\vendor\\laravel\\framework\\src\\Illuminate\\Container\\BoundMethod.php(90): Illuminate\\Container\\Util::unwrapIfClosure(Object(Closure))
#18 D:\\PHPCode\\laravel\\vendor\\laravel\\framework\\src\\Illuminate\\Container\\BoundMethod.php(34): Illuminate\\Container\\BoundMethod::callBoundMethod(Object(Illuminate\\Foundation\\Application), Array, Object(Closure))
#19 D:\\PHPCode\\laravel\\vendor\\laravel\\framework\\src\\Illuminate\\Container\\Container.php(590): Illuminate\\Container\\BoundMethod::call(Object(Illuminate\\Foundation\\Application), Array, Array, NULL)
#20 D:\\PHPCode\\laravel\\vendor\\laravel\\framework\\src\\Illuminate\\Foundation\\Support\\Providers\\RouteServiceProvider.php(87): Illuminate\\Container\\Container->call(Array)
#21 D:\\PHPCode\\laravel\\vendor\\laravel\\framework\\src\\Illuminate\\Foundation\\Support\\Providers\\RouteServiceProvider.php(36): Illuminate\\Foundation\\Support\\Providers\\RouteServiceProvider->loadRoutes()
#22 D:\\PHPCode\\laravel\\app\\Providers\\RouteServiceProvider.php(28): Illuminate\\Foundation\\Support\\Providers\\RouteServiceProvider->boot()
#23 [internal function]: App\\Providers\\RouteServiceProvider->boot()
#24 D:\\PHPCode\\laravel\\vendor\\laravel\\framework\\src\\Illuminate\\Container\\BoundMethod.php(32): call_user_func_array(Array, Array)
#25 D:\\PHPCode\\laravel\\vendor\\laravel\\framework\\src\\Illuminate\\Container\\Util.php(36): Illuminate\\Container\\BoundMethod::Illuminate\\Container\\{closure}()
#26 D:\\PHPCode\\laravel\\vendor\\laravel\\framework\\src\\Illuminate\\Container\\BoundMethod.php(90): Illuminate\\Container\\Util::unwrapIfClosure(Object(Closure))
#27 D:\\PHPCode\\laravel\\vendor\\laravel\\framework\\src\\Illuminate\\Container\\BoundMethod.php(34): Illuminate\\Container\\BoundMethod::callBoundMethod(Object(Illuminate\\Foundation\\Application), Array, Object(Closure))
#28 D:\\PHPCode\\laravel\\vendor\\laravel\\framework\\src\\Illuminate\\Container\\Container.php(590): Illuminate\\Container\\BoundMethod::call(Object(Illuminate\\Foundation\\Application), Array, Array, NULL)
#29 D:\\PHPCode\\laravel\\vendor\\laravel\\framework\\src\\Illuminate\\Foundation\\Application.php(829): Illuminate\\Container\\Container->call(Array)
#30 D:\\PHPCode\\laravel\\vendor\\laravel\\framework\\src\\Illuminate\\Foundation\\Application.php(812): Illuminate\\Foundation\\Application->bootProvider(Object(App\\Providers\\RouteServiceProvider))
#31 [internal function]: Illuminate\\Foundation\\Application->Illuminate\\Foundation\\{closure}(Object(App\\Providers\\RouteServiceProvider), 25)
#32 D:\\PHPCode\\laravel\\vendor\\laravel\\framework\\src\\Illuminate\\Foundation\\Application.php(813): array_walk(Array, Object(Closure))
#33 D:\\PHPCode\\laravel\\vendor\\laravel\\framework\\src\\Illuminate\\Foundation\\Bootstrap\\BootProviders.php(17): Illuminate\\Foundation\\Application->boot()
#34 D:\\PHPCode\\laravel\\vendor\\laravel\\framework\\src\\Illuminate\\Foundation\\Application.php(212): Illuminate\\Foundation\\Bootstrap\\BootProviders->bootstrap(Object(Illuminate\\Foundation\\Application))
#35 D:\\PHPCode\\laravel\\vendor\\laravel\\framework\\src\\Illuminate\\Foundation\\Http\\Kernel.php(163): Illuminate\\Foundation\\Application->bootstrapWith(Array)
#36 D:\\PHPCode\\laravel\\vendor\\laravel\\framework\\src\\Illuminate\\Foundation\\Http\\Kernel.php(147): Illuminate\\Foundation\\Http\\Kernel->bootstrap()
#37 D:\\PHPCode\\laravel\\vendor\\laravel\\framework\\src\\Illuminate\\Foundation\\Http\\Kernel.php(117): Illuminate\\Foundation\\Http\\Kernel->sendRequestThroughRouter(Object(Illuminate\\Http\\Request))
#38 D:\\PHPCode\\laravel\\public\\index.php(55): Illuminate\\Foundation\\Http\\Kernel->handle(Object(Illuminate\\Http\\Request))
#39 {main}
"} 
[2019-12-09 09:22:37] local.ERROR: Too few arguments to function App\Api\V1\Controllers\BaseController::test(), 1 passed and exactly 2 expected {"exception":"[object] (Symfony\\Component\\Debug\\Exception\\FatalThrowableError(code: 0): Too few arguments to function App\\Api\\V1\\Controllers\\BaseController::test(), 1 passed and exactly 2 expected at D:\\PHPCode\\laravel\\app\\Api\\V1\\Controllers\\BaseController.php:19)
[stacktrace]
#0 [internal function]: App\\Api\\V1\\Controllers\\BaseController->test(Object(Dingo\\Api\\Http\\Request))
#1 D:\\PHPCode\\laravel\\vendor\\laravel\\framework\\src\\Illuminate\\Routing\\Controller.php(54): call_user_func_array(Array, Array)
#2 D:\\PHPCode\\laravel\\vendor\\laravel\\framework\\src\\Illuminate\\Routing\\ControllerDispatcher.php(45): Illuminate\\Routing\\Controller->callAction('test', Array)
#3 D:\\PHPCode\\laravel\\vendor\\laravel\\framework\\src\\Illuminate\\Routing\\Route.php(219): Illuminate\\Routing\\ControllerDispatcher->dispatch(Object(Illuminate\\Routing\\Route), Object(App\\Api\\V1\\Controllers\\BaseController), 'test')
#4 D:\\PHPCode\\laravel\\vendor\\laravel\\framework\\src\\Illuminate\\Routing\\Route.php(176): Illuminate\\Routing\\Route->runController()
#5 D:\\PHPCode\\laravel\\vendor\\laravel\\framework\\src\\Illuminate\\Routing\\Router.php(681): Illuminate\\Routing\\Route->run()
#6 D:\\PHPCode\\laravel\\vendor\\laravel\\framework\\src\\Illuminate\\Pipeline\\Pipeline.php(130): Illuminate\\Routing\\Router->Illuminate\\Routing\\{closure}(Object(Dingo\\Api\\Http\\Request))
#7 D:\\PHPCode\\laravel\\vendor\\dingo\\api\\src\\Http\\Middleware\\PrepareController.php(45): Illuminate\\Pipeline\\Pipeline->Illuminate\\Pipeline\\{closure}(Object(Dingo\\Api\\Http\\Request))
#8 D:\\PHPCode\\laravel\\vendor\\laravel\\framework\\src\\Illuminate\\Pipeline\\Pipeline.php(171): Dingo\\Api\\Http\\Middleware\\PrepareController->handle(Object(Dingo\\Api\\Http\\Request), Object(Closure))
#9 D:\\PHPCode\\laravel\\vendor\\laravel\\framework\\src\\Illuminate\\Pipeline\\Pipeline.php(105): Illuminate\\Pipeline\\Pipeline->Illuminate\\Pipeline\\{closure}(Object(Dingo\\Api\\Http\\Request))
#10 D:\\PHPCode\\laravel\\vendor\\laravel\\framework\\src\\Illuminate\\Routing\\Router.php(683): Illuminate\\Pipeline\\Pipeline->then(Object(Closure))
#11 D:\\PHPCode\\laravel\\vendor\\laravel\\framework\\src\\Illuminate\\Routing\\Router.php(658): Illuminate\\Routing\\Router->runRouteWithinStack(Object(Illuminate\\Routing\\Route), Object(Dingo\\Api\\Http\\Request))
#12 D:\\PHPCode\\laravel\\vendor\\laravel\\framework\\src\\Illuminate\\Routing\\Router.php(624): Illuminate\\Routing\\Router->runRoute(Object(Dingo\\Api\\Http\\Request), Object(Illuminate\\Routing\\Route))
#13 D:\\PHPCode\\laravel\\vendor\\laravel\\framework\\src\\Illuminate\\Routing\\Router.php(613): Illuminate\\Routing\\Router->dispatchToRoute(Object(Dingo\\Api\\Http\\Request))
#14 D:\\PHPCode\\laravel\\vendor\\dingo\\api\\src\\Routing\\Adapter\\Laravel.php(88): Illuminate\\Routing\\Router->dispatch(Object(Dingo\\Api\\Http\\Request))
#15 D:\\PHPCode\\laravel\\vendor\\dingo\\api\\src\\Routing\\Router.php(514): Dingo\\Api\\Routing\\Adapter\\Laravel->dispatch(Object(Dingo\\Api\\Http\\Request), 'v1')
#16 D:\\PHPCode\\laravel\\vendor\\dingo\\api\\src\\Http\\Middleware\\Request.php(126): Dingo\\Api\\Routing\\Router->dispatch(Object(Dingo\\Api\\Http\\Request))
#17 D:\\PHPCode\\laravel\\vendor\\laravel\\framework\\src\\Illuminate\\Pipeline\\Pipeline.php(130): Dingo\\Api\\Http\\Middleware\\Request->Dingo\\Api\\Http\\Middleware\\{closure}(Object(Dingo\\Api\\Http\\Request))
#18 D:\\PHPCode\\laravel\\vendor\\laravel\\framework\\src\\Illuminate\\Foundation\\Http\\Middleware\\TransformsRequest.php(21): Illuminate\\Pipeline\\Pipeline->Illuminate\\Pipeline\\{closure}(Object(Dingo\\Api\\Http\\Request))
#19 D:\\PHPCode\\laravel\\vendor\\laravel\\framework\\src\\Illuminate\\Pipeline\\Pipeline.php(171): Illuminate\\Foundation\\Http\\Middleware\\TransformsRequest->handle(Object(Dingo\\Api\\Http\\Request), Object(Closure))
#20 D:\\PHPCode\\laravel\\vendor\\laravel\\framework\\src\\Illuminate\\Foundation\\Http\\Middleware\\TransformsRequest.php(21): Illuminate\\Pipeline\\Pipeline->Illuminate\\Pipeline\\{closure}(Object(Dingo\\Api\\Http\\Request))
#21 D:\\PHPCode\\laravel\\vendor\\laravel\\framework\\src\\Illuminate\\Pipeline\\Pipeline.php(171): Illuminate\\Foundation\\Http\\Middleware\\TransformsRequest->handle(Object(Dingo\\Api\\Http\\Request), Object(Closure))
#22 D:\\PHPCode\\laravel\\vendor\\laravel\\framework\\src\\Illuminate\\Foundation\\Http\\Middleware\\ValidatePostSize.php(27): Illuminate\\Pipeline\\Pipeline->Illuminate\\Pipeline\\{closure}(Object(Dingo\\Api\\Http\\Request))
#23 D:\\PHPCode\\laravel\\vendor\\laravel\\framework\\src\\Illuminate\\Pipeline\\Pipeline.php(171): Illuminate\\Foundation\\Http\\Middleware\\ValidatePostSize->handle(Object(Dingo\\Api\\Http\\Request), Object(Closure))
#24 D:\\PHPCode\\laravel\\vendor\\laravel\\framework\\src\\Illuminate\\Foundation\\Http\\Middleware\\CheckForMaintenanceMode.php(62): Illuminate\\Pipeline\\Pipeline->Illuminate\\Pipeline\\{closure}(Object(Dingo\\Api\\Http\\Request))
#25 D:\\PHPCode\\laravel\\vendor\\laravel\\framework\\src\\Illuminate\\Pipeline\\Pipeline.php(171): Illuminate\\Foundation\\Http\\Middleware\\CheckForMaintenanceMode->handle(Object(Dingo\\Api\\Http\\Request), Object(Closure))
#26 D:\\PHPCode\\laravel\\vendor\\fideloper\\proxy\\src\\TrustProxies.php(57): Illuminate\\Pipeline\\Pipeline->Illuminate\\Pipeline\\{closure}(Object(Dingo\\Api\\Http\\Request))
#27 D:\\PHPCode\\laravel\\vendor\\laravel\\framework\\src\\Illuminate\\Pipeline\\Pipeline.php(171): Fideloper\\Proxy\\TrustProxies->handle(Object(Dingo\\Api\\Http\\Request), Object(Closure))
#28 D:\\PHPCode\\laravel\\vendor\\laravel\\framework\\src\\Illuminate\\Pipeline\\Pipeline.php(105): Illuminate\\Pipeline\\Pipeline->Illuminate\\Pipeline\\{closure}(Object(Dingo\\Api\\Http\\Request))
#29 D:\\PHPCode\\laravel\\vendor\\dingo\\api\\src\\Http\\Middleware\\Request.php(127): Illuminate\\Pipeline\\Pipeline->then(Object(Closure))
#30 D:\\PHPCode\\laravel\\vendor\\dingo\\api\\src\\Http\\Middleware\\Request.php(103): Dingo\\Api\\Http\\Middleware\\Request->sendRequestThroughRouter(Object(Dingo\\Api\\Http\\Request))
#31 D:\\PHPCode\\laravel\\vendor\\laravel\\framework\\src\\Illuminate\\Pipeline\\Pipeline.php(171): Dingo\\Api\\Http\\Middleware\\Request->handle(Object(Dingo\\Api\\Http\\Request), Object(Closure))
#32 D:\\PHPCode\\laravel\\vendor\\laravel\\framework\\src\\Illuminate\\Pipeline\\Pipeline.php(105): Illuminate\\Pipeline\\Pipeline->Illuminate\\Pipeline\\{closure}(Object(Illuminate\\Http\\Request))
#33 D:\\PHPCode\\laravel\\vendor\\laravel\\framework\\src\\Illuminate\\Foundation\\Http\\Kernel.php(152): Illuminate\\Pipeline\\Pipeline->then(Object(Closure))
#34 D:\\PHPCode\\laravel\\vendor\\laravel\\framework\\src\\Illuminate\\Foundation\\Http\\Kernel.php(117): Illuminate\\Foundation\\Http\\Kernel->sendRequestThroughRouter(Object(Illuminate\\Http\\Request))
#35 D:\\PHPCode\\laravel\\public\\index.php(55): Illuminate\\Foundation\\Http\\Kernel->handle(Object(Illuminate\\Http\\Request))
#36 {main}
"} 
[2019-12-09 09:26:18] local.ERROR: Unable to boot ApiServiceProvider, configure an API domain or prefix. {"exception":"[object] (RuntimeException(code: 0): Unable to boot ApiServiceProvider, configure an API domain or prefix. at D:\\PHPCode\\laravel\\vendor\\dingo\\api\\src\\Provider\\DingoServiceProvider.php:83)
[stacktrace]
#0 D:\\PHPCode\\laravel\\vendor\\dingo\\api\\src\\Provider\\DingoServiceProvider.php(47): Dingo\\Api\\Provider\\DingoServiceProvider->registerConfig()
#1 D:\\PHPCode\\laravel\\vendor\\dingo\\api\\src\\Provider\\LaravelServiceProvider.php(108): Dingo\\Api\\Provider\\DingoServiceProvider->register()
#2 D:\\PHPCode\\laravel\\vendor\\laravel\\framework\\src\\Illuminate\\Foundation\\Application.php(609): Dingo\\Api\\Provider\\LaravelServiceProvider->register()
#3 D:\\PHPCode\\laravel\\vendor\\laravel\\framework\\src\\Illuminate\\Foundation\\ProviderRepository.php(75): Illuminate\\Foundation\\Application->register(Object(Dingo\\Api\\Provider\\LaravelServiceProvider))
#4 D:\\PHPCode\\laravel\\vendor\\laravel\\framework\\src\\Illuminate\\Foundation\\Application.php(586): Illuminate\\Foundation\\ProviderRepository->load(Array)
#5 D:\\PHPCode\\laravel\\vendor\\laravel\\framework\\src\\Illuminate\\Foundation\\Bootstrap\\RegisterProviders.php(17): Illuminate\\Foundation\\Application->registerConfiguredProviders()
#6 D:\\PHPCode\\laravel\\vendor\\laravel\\framework\\src\\Illuminate\\Foundation\\Application.php(212): Illuminate\\Foundation\\Bootstrap\\RegisterProviders->bootstrap(Object(Illuminate\\Foundation\\Application))
#7 D:\\PHPCode\\laravel\\vendor\\laravel\\framework\\src\\Illuminate\\Foundation\\Http\\Kernel.php(163): Illuminate\\Foundation\\Application->bootstrapWith(Array)
#8 D:\\PHPCode\\laravel\\vendor\\laravel\\framework\\src\\Illuminate\\Foundation\\Http\\Kernel.php(147): Illuminate\\Foundation\\Http\\Kernel->bootstrap()
#9 D:\\PHPCode\\laravel\\vendor\\laravel\\framework\\src\\Illuminate\\Foundation\\Http\\Kernel.php(117): Illuminate\\Foundation\\Http\\Kernel->sendRequestThroughRouter(Object(Illuminate\\Http\\Request))
#10 D:\\PHPCode\\laravel\\public\\index.php(55): Illuminate\\Foundation\\Http\\Kernel->handle(Object(Illuminate\\Http\\Request))
#11 {main}
"} 
[2019-12-09 09:26:38] local.ERROR: Unable to boot ApiServiceProvider, configure an API domain or prefix. {"exception":"[object] (RuntimeException(code: 0): Unable to boot ApiServiceProvider, configure an API domain or prefix. at D:\\PHPCode\\laravel\\vendor\\dingo\\api\\src\\Provider\\DingoServiceProvider.php:83)
[stacktrace]
#0 D:\\PHPCode\\laravel\\vendor\\dingo\\api\\src\\Provider\\DingoServiceProvider.php(47): Dingo\\Api\\Provider\\DingoServiceProvider->registerConfig()
#1 D:\\PHPCode\\laravel\\vendor\\dingo\\api\\src\\Provider\\LaravelServiceProvider.php(108): Dingo\\Api\\Provider\\DingoServiceProvider->register()
#2 D:\\PHPCode\\laravel\\vendor\\laravel\\framework\\src\\Illuminate\\Foundation\\Application.php(609): Dingo\\Api\\Provider\\LaravelServiceProvider->register()
#3 D:\\PHPCode\\laravel\\vendor\\laravel\\framework\\src\\Illuminate\\Foundation\\ProviderRepository.php(75): Illuminate\\Foundation\\Application->register(Object(Dingo\\Api\\Provider\\LaravelServiceProvider))
#4 D:\\PHPCode\\laravel\\vendor\\laravel\\framework\\src\\Illuminate\\Foundation\\Application.php(586): Illuminate\\Foundation\\ProviderRepository->load(Array)
#5 D:\\PHPCode\\laravel\\vendor\\laravel\\framework\\src\\Illuminate\\Foundation\\Bootstrap\\RegisterProviders.php(17): Illuminate\\Foundation\\Application->registerConfiguredProviders()
#6 D:\\PHPCode\\laravel\\vendor\\laravel\\framework\\src\\Illuminate\\Foundation\\Application.php(212): Illuminate\\Foundation\\Bootstrap\\RegisterProviders->bootstrap(Object(Illuminate\\Foundation\\Application))
#7 D:\\PHPCode\\laravel\\vendor\\laravel\\framework\\src\\Illuminate\\Foundation\\Http\\Kernel.php(163): Illuminate\\Foundation\\Application->bootstrapWith(Array)
#8 D:\\PHPCode\\laravel\\vendor\\laravel\\framework\\src\\Illuminate\\Foundation\\Http\\Kernel.php(147): Illuminate\\Foundation\\Http\\Kernel->bootstrap()
#9 D:\\PHPCode\\laravel\\vendor\\laravel\\framework\\src\\Illuminate\\Foundation\\Http\\Kernel.php(117): Illuminate\\Foundation\\Http\\Kernel->sendRequestThroughRouter(Object(Illuminate\\Http\\Request))
#10 D:\\PHPCode\\laravel\\public\\index.php(55): Illuminate\\Foundation\\Http\\Kernel->handle(Object(Illuminate\\Http\\Request))
#11 {main}
"} 
[2019-12-09 09:26:39] local.ERROR: Unable to boot ApiServiceProvider, configure an API domain or prefix. {"exception":"[object] (RuntimeException(code: 0): Unable to boot ApiServiceProvider, configure an API domain or prefix. at D:\\PHPCode\\laravel\\vendor\\dingo\\api\\src\\Provider\\DingoServiceProvider.php:83)
[stacktrace]
#0 D:\\PHPCode\\laravel\\vendor\\dingo\\api\\src\\Provider\\DingoServiceProvider.php(47): Dingo\\Api\\Provider\\DingoServiceProvider->registerConfig()
#1 D:\\PHPCode\\laravel\\vendor\\dingo\\api\\src\\Provider\\LaravelServiceProvider.php(108): Dingo\\Api\\Provider\\DingoServiceProvider->register()
#2 D:\\PHPCode\\laravel\\vendor\\laravel\\framework\\src\\Illuminate\\Foundation\\Application.php(609): Dingo\\Api\\Provider\\LaravelServiceProvider->register()
#3 D:\\PHPCode\\laravel\\vendor\\laravel\\framework\\src\\Illuminate\\Foundation\\ProviderRepository.php(75): Illuminate\\Foundation\\Application->register(Object(Dingo\\Api\\Provider\\LaravelServiceProvider))
#4 D:\\PHPCode\\laravel\\vendor\\laravel\\framework\\src\\Illuminate\\Foundation\\Application.php(586): Illuminate\\Foundation\\ProviderRepository->load(Array)
#5 D:\\PHPCode\\laravel\\vendor\\laravel\\framework\\src\\Illuminate\\Foundation\\Bootstrap\\RegisterProviders.php(17): Illuminate\\Foundation\\Application->registerConfiguredProviders()
#6 D:\\PHPCode\\laravel\\vendor\\laravel\\framework\\src\\Illuminate\\Foundation\\Application.php(212): Illuminate\\Foundation\\Bootstrap\\RegisterProviders->bootstrap(Object(Illuminate\\Foundation\\Application))
#7 D:\\PHPCode\\laravel\\vendor\\laravel\\framework\\src\\Illuminate\\Foundation\\Http\\Kernel.php(163): Illuminate\\Foundation\\Application->bootstrapWith(Array)
#8 D:\\PHPCode\\laravel\\vendor\\laravel\\framework\\src\\Illuminate\\Foundation\\Http\\Kernel.php(147): Illuminate\\Foundation\\Http\\Kernel->bootstrap()
#9 D:\\PHPCode\\laravel\\vendor\\laravel\\framework\\src\\Illuminate\\Foundation\\Http\\Kernel.php(117): Illuminate\\Foundation\\Http\\Kernel->sendRequestThroughRouter(Object(Illuminate\\Http\\Request))
#10 D:\\PHPCode\\laravel\\public\\index.php(55): Illuminate\\Foundation\\Http\\Kernel->handle(Object(Illuminate\\Http\\Request))
#11 {main}
"} 
[2019-12-09 09:26:50] local.ERROR: Unable to boot ApiServiceProvider, configure an API domain or prefix. {"exception":"[object] (RuntimeException(code: 0): Unable to boot ApiServiceProvider, configure an API domain or prefix. at D:\\PHPCode\\laravel\\vendor\\dingo\\api\\src\\Provider\\DingoServiceProvider.php:83)
[stacktrace]
#0 D:\\PHPCode\\laravel\\vendor\\dingo\\api\\src\\Provider\\DingoServiceProvider.php(47): Dingo\\Api\\Provider\\DingoServiceProvider->registerConfig()
#1 D:\\PHPCode\\laravel\\vendor\\dingo\\api\\src\\Provider\\LaravelServiceProvider.php(108): Dingo\\Api\\Provider\\DingoServiceProvider->register()
#2 D:\\PHPCode\\laravel\\vendor\\laravel\\framework\\src\\Illuminate\\Foundation\\Application.php(609): Dingo\\Api\\Provider\\LaravelServiceProvider->register()
#3 D:\\PHPCode\\laravel\\vendor\\laravel\\framework\\src\\Illuminate\\Foundation\\ProviderRepository.php(75): Illuminate\\Foundation\\Application->register(Object(Dingo\\Api\\Provider\\LaravelServiceProvider))
#4 D:\\PHPCode\\laravel\\vendor\\laravel\\framework\\src\\Illuminate\\Foundation\\Application.php(586): Illuminate\\Foundation\\ProviderRepository->load(Array)
#5 D:\\PHPCode\\laravel\\vendor\\laravel\\framework\\src\\Illuminate\\Foundation\\Bootstrap\\RegisterProviders.php(17): Illuminate\\Foundation\\Application->registerConfiguredProviders()
#6 D:\\PHPCode\\laravel\\vendor\\laravel\\framework\\src\\Illuminate\\Foundation\\Application.php(212): Illuminate\\Foundation\\Bootstrap\\RegisterProviders->bootstrap(Object(Illuminate\\Foundation\\Application))
#7 D:\\PHPCode\\laravel\\vendor\\laravel\\framework\\src\\Illuminate\\Foundation\\Http\\Kernel.php(163): Illuminate\\Foundation\\Application->bootstrapWith(Array)
#8 D:\\PHPCode\\laravel\\vendor\\laravel\\framework\\src\\Illuminate\\Foundation\\Http\\Kernel.php(147): Illuminate\\Foundation\\Http\\Kernel->bootstrap()
#9 D:\\PHPCode\\laravel\\vendor\\laravel\\framework\\src\\Illuminate\\Foundation\\Http\\Kernel.php(117): Illuminate\\Foundation\\Http\\Kernel->sendRequestThroughRouter(Object(Illuminate\\Http\\Request))
#10 D:\\PHPCode\\laravel\\public\\index.php(55): Illuminate\\Foundation\\Http\\Kernel->handle(Object(Illuminate\\Http\\Request))
#11 {main}
"} 
[2019-12-09 09:29:08] local.ERROR: call_user_func() expects parameter 1 to be a valid callback, array must have exactly two members {"exception":"[object] (ErrorException(code: 0): call_user_func() expects parameter 1 to be a valid callback, array must have exactly two members at D:\\PHPCode\\laravel\\vendor\\dingo\\api\\src\\Routing\\Router.php:173)
[stacktrace]
#0 [internal function]: Illuminate\\Foundation\\Bootstrap\\HandleExceptions->handleError(2, 'call_user_func(...', 'D:\\\\PHPCode\\\\lara...', 173, Array)
#1 D:\\PHPCode\\laravel\\vendor\\dingo\\api\\src\\Routing\\Router.php(173): call_user_func(Array, Object(Dingo\\Api\\Routing\\Router))
#2 D:\\PHPCode\\laravel\outes\\api.php(27): Dingo\\Api\\Routing\\Router->group(Array, Array, Object(Closure))
#3 D:\\PHPCode\\laravel\\vendor\\laravel\\framework\\src\\Illuminate\\Routing\\RouteFileRegistrar.php(35): require('D:\\\\PHPCode\\\\lara...')
#4 D:\\PHPCode\\laravel\\vendor\\laravel\\framework\\src\\Illuminate\\Routing\\Router.php(416): Illuminate\\Routing\\RouteFileRegistrar->register('D:\\\\PHPCode\\\\lara...')
#5 D:\\PHPCode\\laravel\\vendor\\laravel\\framework\\src\\Illuminate\\Routing\\Router.php(374): Illuminate\\Routing\\Router->loadRoutes('D:\\\\PHPCode\\\\lara...')
#6 D:\\PHPCode\\laravel\\vendor\\laravel\\framework\\src\\Illuminate\\Routing\\RouteRegistrar.php(121): Illuminate\\Routing\\Router->group(Array, 'D:\\\\PHPCode\\\\lara...')
#7 D:\\PHPCode\\laravel\\app\\Providers\\RouteServiceProvider.php(71): Illuminate\\Routing\\RouteRegistrar->group('D:\\\\PHPCode\\\\lara...')
#8 D:\\PHPCode\\laravel\\app\\Providers\\RouteServiceProvider.php(38): App\\Providers\\RouteServiceProvider->mapApiRoutes()
#9 [internal function]: App\\Providers\\RouteServiceProvider->map()
#10 D:\\PHPCode\\laravel\\vendor\\laravel\\framework\\src\\Illuminate\\Container\\BoundMethod.php(32): call_user_func_array(Array, Array)
#11 D:\\PHPCode\\laravel\\vendor\\laravel\\framework\\src\\Illuminate\\Container\\Util.php(36): Illuminate\\Container\\BoundMethod::Illuminate\\Container\\{closure}()
#12 D:\\PHPCode\\laravel\\vendor\\laravel\\framework\\src\\Illuminate\\Container\\BoundMethod.php(90): Illuminate\\Container\\Util::unwrapIfClosure(Object(Closure))
#13 D:\\PHPCode\\laravel\\vendor\\laravel\\framework\\src\\Illuminate\\Container\\BoundMethod.php(34): Illuminate\\Container\\BoundMethod::callBoundMethod(Object(Illuminate\\Foundation\\Application), Array, Object(Closure))
#14 D:\\PHPCode\\laravel\\vendor\\laravel\\framework\\src\\Illuminate\\Container\\Container.php(590): Illuminate\\Container\\BoundMethod::call(Object(Illuminate\\Foundation\\Application), Array, Array, NULL)
#15 D:\\PHPCode\\laravel\\vendor\\laravel\\framework\\src\\Illuminate\\Foundation\\Support\\Providers\\RouteServiceProvider.php(87): Illuminate\\Container\\Container->call(Array)
#16 D:\\PHPCode\\laravel\\vendor\\laravel\\framework\\src\\Illuminate\\Foundation\\Support\\Providers\\RouteServiceProvider.php(36): Illuminate\\Foundation\\Support\\Providers\\RouteServiceProvider->loadRoutes()
#17 D:\\PHPCode\\laravel\\app\\Providers\\RouteServiceProvider.php(28): Illuminate\\Foundation\\Support\\Providers\\RouteServiceProvider->boot()
#18 [internal function]: App\\Providers\\RouteServiceProvider->boot()
#19 D:\\PHPCode\\laravel\\vendor\\laravel\\framework\\src\\Illuminate\\Container\\BoundMethod.php(32): call_user_func_array(Array, Array)
#20 D:\\PHPCode\\laravel\\vendor\\laravel\\framework\\src\\Illuminate\\Container\\Util.php(36): Illuminate\\Container\\BoundMethod::Illuminate\\Container\\{closure}()
#21 D:\\PHPCode\\laravel\\vendor\\laravel\\framework\\src\\Illuminate\\Container\\BoundMethod.php(90): Illuminate\\Container\\Util::unwrapIfClosure(Object(Closure))
#22 D:\\PHPCode\\laravel\\vendor\\laravel\\framework\\src\\Illuminate\\Container\\BoundMethod.php(34): Illuminate\\Container\\BoundMethod::callBoundMethod(Object(Illuminate\\Foundation\\Application), Array, Object(Closure))
#23 D:\\PHPCode\\laravel\\vendor\\laravel\\framework\\src\\Illuminate\\Container\\Container.php(590): Illuminate\\Container\\BoundMethod::call(Object(Illuminate\\Foundation\\Application), Array, Array, NULL)
#24 D:\\PHPCode\\laravel\\vendor\\laravel\\framework\\src\\Illuminate\\Foundation\\Application.php(829): Illuminate\\Container\\Container->call(Array)
#25 D:\\PHPCode\\laravel\\vendor\\laravel\\framework\\src\\Illuminate\\Foundation\\Application.php(812): Illuminate\\Foundation\\Application->bootProvider(Object(App\\Providers\\RouteServiceProvider))
#26 [internal function]: Illuminate\\Foundation\\Application->Illuminate\\Foundation\\{closure}(Object(App\\Providers\\RouteServiceProvider), 25)
#27 D:\\PHPCode\\laravel\\vendor\\laravel\\framework\\src\\Illuminate\\Foundation\\Application.php(813): array_walk(Array, Object(Closure))
#28 D:\\PHPCode\\laravel\\vendor\\laravel\\framework\\src\\Illuminate\\Foundation\\Bootstrap\\BootProviders.php(17): Illuminate\\Foundation\\Application->boot()
#29 D:\\PHPCode\\laravel\\vendor\\laravel\\framework\\src\\Illuminate\\Foundation\\Application.php(212): Illuminate\\Foundation\\Bootstrap\\BootProviders->bootstrap(Object(Illuminate\\Foundation\\Application))
#30 D:\\PHPCode\\laravel\\vendor\\laravel\\framework\\src\\Illuminate\\Foundation\\Http\\Kernel.php(163): Illuminate\\Foundation\\Application->bootstrapWith(Array)
#31 D:\\PHPCode\\laravel\\vendor\\laravel\\framework\\src\\Illuminate\\Foundation\\Http\\Kernel.php(147): Illuminate\\Foundation\\Http\\Kernel->bootstrap()
#32 D:\\PHPCode\\laravel\\vendor\\laravel\\framework\\src\\Illuminate\\Foundation\\Http\\Kernel.php(117): Illuminate\\Foundation\\Http\\Kernel->sendRequestThroughRouter(Object(Illuminate\\Http\\Request))
#33 D:\\PHPCode\\laravel\\public\\index.php(55): Illuminate\\Foundation\\Http\\Kernel->handle(Object(Illuminate\\Http\\Request))
#34 {main}
"} 
[2019-12-09 09:29:17] local.ERROR: call_user_func() expects parameter 1 to be a valid callback, array must have exactly two members {"exception":"[object] (ErrorException(code: 0): call_user_func() expects parameter 1 to be a valid callback, array must have exactly two members at D:\\PHPCode\\laravel\\vendor\\dingo\\api\\src\\Routing\\Router.php:173)
[stacktrace]
#0 [internal function]: Illuminate\\Foundation\\Bootstrap\\HandleExceptions->handleError(2, 'call_user_func(...', 'D:\\\\PHPCode\\\\lara...', 173, Array)
#1 D:\\PHPCode\\laravel\\vendor\\dingo\\api\\src\\Routing\\Router.php(173): call_user_func(Array, Object(Dingo\\Api\\Routing\\Router))
#2 D:\\PHPCode\\laravel\outes\\api.php(27): Dingo\\Api\\Routing\\Router->group(Array, Array, Object(Closure))
#3 D:\\PHPCode\\laravel\\vendor\\laravel\\framework\\src\\Illuminate\\Routing\\RouteFileRegistrar.php(35): require('D:\\\\PHPCode\\\\lara...')
#4 D:\\PHPCode\\laravel\\vendor\\laravel\\framework\\src\\Illuminate\\Routing\\Router.php(416): Illuminate\\Routing\\RouteFileRegistrar->register('D:\\\\PHPCode\\\\lara...')
#5 D:\\PHPCode\\laravel\\vendor\\laravel\\framework\\src\\Illuminate\\Routing\\Router.php(374): Illuminate\\Routing\\Router->loadRoutes('D:\\\\PHPCode\\\\lara...')
#6 D:\\PHPCode\\laravel\\vendor\\laravel\\framework\\src\\Illuminate\\Routing\\RouteRegistrar.php(121): Illuminate\\Routing\\Router->group(Array, 'D:\\\\PHPCode\\\\lara...')
#7 D:\\PHPCode\\laravel\\app\\Providers\\RouteServiceProvider.php(71): Illuminate\\Routing\\RouteRegistrar->group('D:\\\\PHPCode\\\\lara...')
#8 D:\\PHPCode\\laravel\\app\\Providers\\RouteServiceProvider.php(38): App\\Providers\\RouteServiceProvider->mapApiRoutes()
#9 [internal function]: App\\Providers\\RouteServiceProvider->map()
#10 D:\\PHPCode\\laravel\\vendor\\laravel\\framework\\src\\Illuminate\\Container\\BoundMethod.php(32): call_user_func_array(Array, Array)
#11 D:\\PHPCode\\laravel\\vendor\\laravel\\framework\\src\\Illuminate\\Container\\Util.php(36): Illuminate\\Container\\BoundMethod::Illuminate\\Container\\{closure}()
#12 D:\\PHPCode\\laravel\\vendor\\laravel\\framework\\src\\Illuminate\\Container\\BoundMethod.php(90): Illuminate\\Container\\Util::unwrapIfClosure(Object(Closure))
#13 D:\\PHPCode\\laravel\\vendor\\laravel\\framework\\src\\Illuminate\\Container\\BoundMethod.php(34): Illuminate\\Container\\BoundMethod::callBoundMethod(Object(Illuminate\\Foundation\\Application), Array, Object(Closure))
#14 D:\\PHPCode\\laravel\\vendor\\laravel\\framework\\src\\Illuminate\\Container\\Container.php(590): Illuminate\\Container\\BoundMethod::call(Object(Illuminate\\Foundation\\Application), Array, Array, NULL)
#15 D:\\PHPCode\\laravel\\vendor\\laravel\\framework\\src\\Illuminate\\Foundation\\Support\\Providers\\RouteServiceProvider.php(87): Illuminate\\Container\\Container->call(Array)
#16 D:\\PHPCode\\laravel\\vendor\\laravel\\framework\\src\\Illuminate\\Foundation\\Support\\Providers\\RouteServiceProvider.php(36): Illuminate\\Foundation\\Support\\Providers\\RouteServiceProvider->loadRoutes()
#17 D:\\PHPCode\\laravel\\app\\Providers\\RouteServiceProvider.php(28): Illuminate\\Foundation\\Support\\Providers\\RouteServiceProvider->boot()
#18 [internal function]: App\\Providers\\RouteServiceProvider->boot()
#19 D:\\PHPCode\\laravel\\vendor\\laravel\\framework\\src\\Illuminate\\Container\\BoundMethod.php(32): call_user_func_array(Array, Array)
#20 D:\\PHPCode\\laravel\\vendor\\laravel\\framework\\src\\Illuminate\\Container\\Util.php(36): Illuminate\\Container\\BoundMethod::Illuminate\\Container\\{closure}()
#21 D:\\PHPCode\\laravel\\vendor\\laravel\\framework\\src\\Illuminate\\Container\\BoundMethod.php(90): Illuminate\\Container\\Util::unwrapIfClosure(Object(Closure))
#22 D:\\PHPCode\\laravel\\vendor\\laravel\\framework\\src\\Illuminate\\Container\\BoundMethod.php(34): Illuminate\\Container\\BoundMethod::callBoundMethod(Object(Illuminate\\Foundation\\Application), Array, Object(Closure))
#23 D:\\PHPCode\\laravel\\vendor\\laravel\\framework\\src\\Illuminate\\Container\\Container.php(590): Illuminate\\Container\\BoundMethod::call(Object(Illuminate\\Foundation\\Application), Array, Array, NULL)
#24 D:\\PHPCode\\laravel\\vendor\\laravel\\framework\\src\\Illuminate\\Foundation\\Application.php(829): Illuminate\\Container\\Container->call(Array)
#25 D:\\PHPCode\\laravel\\vendor\\laravel\\framework\\src\\Illuminate\\Foundation\\Application.php(812): Illuminate\\Foundation\\Application->bootProvider(Object(App\\Providers\\RouteServiceProvider))
#26 [internal function]: Illuminate\\Foundation\\Application->Illuminate\\Foundation\\{closure}(Object(App\\Providers\\RouteServiceProvider), 25)
#27 D:\\PHPCode\\laravel\\vendor\\laravel\\framework\\src\\Illuminate\\Foundation\\Application.php(813): array_walk(Array, Object(Closure))
#28 D:\\PHPCode\\laravel\\vendor\\laravel\\framework\\src\\Illuminate\\Foundation\\Bootstrap\\BootProviders.php(17): Illuminate\\Foundation\\Application->boot()
#29 D:\\PHPCode\\laravel\\vendor\\laravel\\framework\\src\\Illuminate\\Foundation\\Application.php(212): Illuminate\\Foundation\\Bootstrap\\BootProviders->bootstrap(Object(Illuminate\\Foundation\\Application))
#30 D:\\PHPCode\\laravel\\vendor\\laravel\\framework\\src\\Illuminate\\Foundation\\Http\\Kernel.php(163): Illuminate\\Foundation\\Application->bootstrapWith(Array)
#31 D:\\PHPCode\\laravel\\vendor\\laravel\\framework\\src\\Illuminate\\Foundation\\Http\\Kernel.php(147): Illuminate\\Foundation\\Http\\Kernel->bootstrap()
#32 D:\\PHPCode\\laravel\\vendor\\laravel\\framework\\src\\Illuminate\\Foundation\\Http\\Kernel.php(117): Illuminate\\Foundation\\Http\\Kernel->sendRequestThroughRouter(Object(Illuminate\\Http\\Request))
#33 D:\\PHPCode\\laravel\\public\\index.php(55): Illuminate\\Foundation\\Http\\Kernel->handle(Object(Illuminate\\Http\\Request))
#34 {main}
"} 
