[2020-01-04 02:06:11] local.ERROR: SQLSTATE[42S22]: Column not found: 1054 Unknown column '12606130' in 'where clause' (SQL: select `chapter_id` from `articles_chapter_test` where `chapter_id` < `12606130` and (`title_id` = 14056) order by `chapter_id` desc limit 1) {"exception":"[object] (Illuminate\\Database\\QueryException(code: 42S22): SQLSTATE[42S22]: Column not found: 1054 Unknown column '12606130' in 'where clause' (SQL: select `chapter_id` from `articles_chapter_test` where `chapter_id` < `12606130` and (`title_id` = 14056) order by `chapter_id` desc limit 1) at D:\\phpCode\\fiction\\vendor\\laravel\\framework\\src\\Illuminate\\Database\\Connection.php:669)
[stacktrace]
#0 D:\\phpCode\\fiction\\vendor\\laravel\\framework\\src\\Illuminate\\Database\\Connection.php(629): Illuminate\\Database\\Connection->runQueryCallback('select `chapter...', Array, Object(Closure))
#1 D:\\phpCode\\fiction\\vendor\\laravel\\framework\\src\\Illuminate\\Database\\Connection.php(338): Illuminate\\Database\\Connection->run('select `chapter...', Array, Object(Closure))
#2 D:\\phpCode\\fiction\\vendor\\laravel\\framework\\src\\Illuminate\\Database\\Query\\Builder.php(2130): Illuminate\\Database\\Connection->select('select `chapter...', Array, true)
#3 D:\\phpCode\\fiction\\vendor\\laravel\\framework\\src\\Illuminate\\Database\\Query\\Builder.php(2118): Illuminate\\Database\\Query\\Builder->runSelect()
#4 D:\\phpCode\\fiction\\vendor\\laravel\\framework\\src\\Illuminate\\Database\\Query\\Builder.php(2584): Illuminate\\Database\\Query\\Builder->Illuminate\\Database\\Query\\{closure}()
#5 D:\\phpCode\\fiction\\vendor\\laravel\\framework\\src\\Illuminate\\Database\\Query\\Builder.php(2119): Illuminate\\Database\\Query\\Builder->onceWithColumns(Array, Object(Closure))
#6 D:\\phpCode\\fiction\\vendor\\laravel\\framework\\src\\Illuminate\\Database\\Eloquent\\Builder.php(521): Illuminate\\Database\\Query\\Builder->get(Array)
#7 D:\\phpCode\\fiction\\vendor\\laravel\\framework\\src\\Illuminate\\Database\\Eloquent\\Builder.php(505): Illuminate\\Database\\Eloquent\\Builder->getModels(Array)
#8 D:\\phpCode\\fiction\\vendor\\laravel\\framework\\src\\Illuminate\\Database\\Concerns\\BuildsQueries.php(143): Illuminate\\Database\\Eloquent\\Builder->get(Array)
#9 D:\\phpCode\\fiction\\app\\V1\\App\\Controllers\\ArticlesController.php(466): Illuminate\\Database\\Eloquent\\Builder->first(Array)
#10 [internal function]: App\\V1\\App\\Controllers\\ArticlesController->getChapter(Object(Dingo\\Api\\Http\\Request), 14056, 12606130)
#11 D:\\phpCode\\fiction\\vendor\\laravel\\framework\\src\\Illuminate\\Routing\\Controller.php(54): call_user_func_array(Array, Array)
#12 D:\\phpCode\\fiction\\vendor\\laravel\\framework\\src\\Illuminate\\Routing\\ControllerDispatcher.php(45): Illuminate\\Routing\\Controller->callAction('getChapter', Array)
#13 D:\\phpCode\\fiction\\vendor\\laravel\\framework\\src\\Illuminate\\Routing\\Route.php(219): Illuminate\\Routing\\ControllerDispatcher->dispatch(Object(Illuminate\\Routing\\Route), Object(App\\V1\\App\\Controllers\\ArticlesController), 'getChapter')
#14 D:\\phpCode\\fiction\\vendor\\laravel\\framework\\src\\Illuminate\\Routing\\Route.php(176): Illuminate\\Routing\\Route->runController()
#15 D:\\phpCode\\fiction\\vendor\\laravel\\framework\\src\\Illuminate\\Routing\\Router.php(681): Illuminate\\Routing\\Route->run()
#16 D:\\phpCode\\fiction\\vendor\\laravel\\framework\\src\\Illuminate\\Pipeline\\Pipeline.php(130): Illuminate\\Routing\\Router->Illuminate\\Routing\\{closure}(Object(Dingo\\Api\\Http\\Request))
#17 D:\\phpCode\\fiction\\vendor\\laravel\\framework\\src\\Illuminate\\Routing\\Middleware\\ThrottleRequests.php(59): Illuminate\\Pipeline\\Pipeline->Illuminate\\Pipeline\\{closure}(Object(Dingo\\Api\\Http\\Request))
#18 D:\\phpCode\\fiction\\vendor\\laravel\\framework\\src\\Illuminate\\Pipeline\\Pipeline.php(171): Illuminate\\Routing\\Middleware\\ThrottleRequests->handle(Object(Dingo\\Api\\Http\\Request), Object(Closure), 128, '1')
#19 D:\\phpCode\\fiction\\vendor\\dingo\\api\\src\\Http\\Middleware\\PrepareController.php(45): Illuminate\\Pipeline\\Pipeline->Illuminate\\Pipeline\\{closure}(Object(Dingo\\Api\\Http\\Request))
#20 D:\\phpCode\\fiction\\vendor\\laravel\\framework\\src\\Illuminate\\Pipeline\\Pipeline.php(171): Dingo\\Api\\Http\\Middleware\\PrepareController->handle(Object(Dingo\\Api\\Http\\Request), Object(Closure))
#21 D:\\phpCode\\fiction\\vendor\\laravel\\framework\\src\\Illuminate\\Pipeline\\Pipeline.php(105): Illuminate\\Pipeline\\Pipeline->Illuminate\\Pipeline\\{closure}(Object(Dingo\\Api\\Http\\Request))
#22 D:\\phpCode\\fiction\\vendor\\laravel\\framework\\src\\Illuminate\\Routing\\Router.php(683): Illuminate\\Pipeline\\Pipeline->then(Object(Closure))
#23 D:\\phpCode\\fiction\\vendor\\laravel\\framework\\src\\Illuminate\\Routing\\Router.php(658): Illuminate\\Routing\\Router->runRouteWithinStack(Object(Illuminate\\Routing\\Route), Object(Dingo\\Api\\Http\\Request))
#24 D:\\phpCode\\fiction\\vendor\\laravel\\framework\\src\\Illuminate\\Routing\\Router.php(624): Illuminate\\Routing\\Router->runRoute(Object(Dingo\\Api\\Http\\Request), Object(Illuminate\\Routing\\Route))
#25 D:\\phpCode\\fiction\\vendor\\laravel\\framework\\src\\Illuminate\\Routing\\Router.php(613): Illuminate\\Routing\\Router->dispatchToRoute(Object(Dingo\\Api\\Http\\Request))
#26 D:\\phpCode\\fiction\\vendor\\dingo\\api\\src\\Routing\\Adapter\\Laravel.php(88): Illuminate\\Routing\\Router->dispatch(Object(Dingo\\Api\\Http\\Request))
#27 D:\\phpCode\\fiction\\vendor\\dingo\\api\\src\\Routing\\Router.php(514): Dingo\\Api\\Routing\\Adapter\\Laravel->dispatch(Object(Dingo\\Api\\Http\\Request), 'v1')
#28 D:\\phpCode\\fiction\\vendor\\dingo\\api\\src\\Http\\Middleware\\Request.php(126): Dingo\\Api\\Routing\\Router->dispatch(Object(Dingo\\Api\\Http\\Request))
#29 D:\\phpCode\\fiction\\vendor\\laravel\\framework\\src\\Illuminate\\Pipeline\\Pipeline.php(130): Dingo\\Api\\Http\\Middleware\\Request->Dingo\\Api\\Http\\Middleware\\{closure}(Object(Dingo\\Api\\Http\\Request))
#30 D:\\phpCode\\fiction\\vendor\\laravel\\framework\\src\\Illuminate\\Foundation\\Http\\Middleware\\TransformsRequest.php(21): Illuminate\\Pipeline\\Pipeline->Illuminate\\Pipeline\\{closure}(Object(Dingo\\Api\\Http\\Request))
#31 D:\\phpCode\\fiction\\vendor\\laravel\\framework\\src\\Illuminate\\Pipeline\\Pipeline.php(171): Illuminate\\Foundation\\Http\\Middleware\\TransformsRequest->handle(Object(Dingo\\Api\\Http\\Request), Object(Closure))
#32 D:\\phpCode\\fiction\\vendor\\laravel\\framework\\src\\Illuminate\\Foundation\\Http\\Middleware\\TransformsRequest.php(21): Illuminate\\Pipeline\\Pipeline->Illuminate\\Pipeline\\{closure}(Object(Dingo\\Api\\Http\\Request))
#33 D:\\phpCode\\fiction\\vendor\\laravel\\framework\\src\\Illuminate\\Pipeline\\Pipeline.php(171): Illuminate\\Foundation\\Http\\Middleware\\TransformsRequest->handle(Object(Dingo\\Api\\Http\\Request), Object(Closure))
#34 D:\\phpCode\\fiction\\vendor\\laravel\\framework\\src\\Illuminate\\Foundation\\Http\\Middleware\\ValidatePostSize.php(27): Illuminate\\Pipeline\\Pipeline->Illuminate\\Pipeline\\{closure}(Object(Dingo\\Api\\Http\\Request))
#35 D:\\phpCode\\fiction\\vendor\\laravel\\framework\\src\\Illuminate\\Pipeline\\Pipeline.php(171): Illuminate\\Foundation\\Http\\Middleware\\ValidatePostSize->handle(Object(Dingo\\Api\\Http\\Request), Object(Closure))
#36 D:\\phpCode\\fiction\\vendor\\laravel\\framework\\src\\Illuminate\\Foundation\\Http\\Middleware\\CheckForMaintenanceMode.php(62): Illuminate\\Pipeline\\Pipeline->Illuminate\\Pipeline\\{closure}(Object(Dingo\\Api\\Http\\Request))
#37 D:\\phpCode\\fiction\\vendor\\laravel\\framework\\src\\Illuminate\\Pipeline\\Pipeline.php(171): Illuminate\\Foundation\\Http\\Middleware\\CheckForMaintenanceMode->handle(Object(Dingo\\Api\\Http\\Request), Object(Closure))
#38 D:\\phpCode\\fiction\\vendor\\fideloper\\proxy\\src\\TrustProxies.php(57): Illuminate\\Pipeline\\Pipeline->Illuminate\\Pipeline\\{closure}(Object(Dingo\\Api\\Http\\Request))
#39 D:\\phpCode\\fiction\\vendor\\laravel\\framework\\src\\Illuminate\\Pipeline\\Pipeline.php(171): Fideloper\\Proxy\\TrustProxies->handle(Object(Dingo\\Api\\Http\\Request), Object(Closure))
#40 D:\\phpCode\\fiction\\vendor\\laravel\\framework\\src\\Illuminate\\Pipeline\\Pipeline.php(105): Illuminate\\Pipeline\\Pipeline->Illuminate\\Pipeline\\{closure}(Object(Dingo\\Api\\Http\\Request))
#41 D:\\phpCode\\fiction\\vendor\\dingo\\api\\src\\Http\\Middleware\\Request.php(127): Illuminate\\Pipeline\\Pipeline->then(Object(Closure))
#42 D:\\phpCode\\fiction\\vendor\\dingo\\api\\src\\Http\\Middleware\\Request.php(103): Dingo\\Api\\Http\\Middleware\\Request->sendRequestThroughRouter(Object(Dingo\\Api\\Http\\Request))
#43 D:\\phpCode\\fiction\\vendor\\laravel\\framework\\src\\Illuminate\\Pipeline\\Pipeline.php(171): Dingo\\Api\\Http\\Middleware\\Request->handle(Object(Dingo\\Api\\Http\\Request), Object(Closure))
#44 D:\\phpCode\\fiction\\vendor\\laravel\\framework\\src\\Illuminate\\Pipeline\\Pipeline.php(105): Illuminate\\Pipeline\\Pipeline->Illuminate\\Pipeline\\{closure}(Object(Illuminate\\Http\\Request))
#45 D:\\phpCode\\fiction\\vendor\\laravel\\framework\\src\\Illuminate\\Foundation\\Http\\Kernel.php(145): Illuminate\\Pipeline\\Pipeline->then(Object(Closure))
#46 D:\\phpCode\\fiction\\vendor\\laravel\\framework\\src\\Illuminate\\Foundation\\Http\\Kernel.php(110): Illuminate\\Foundation\\Http\\Kernel->sendRequestThroughRouter(Object(Illuminate\\Http\\Request))
#47 D:\\phpCode\\fiction\\public\\index.php(55): Illuminate\\Foundation\\Http\\Kernel->handle(Object(Illuminate\\Http\\Request))
#48 {main}

[previous exception] [object] (Doctrine\\DBAL\\Driver\\PDOException(code: 42S22): SQLSTATE[42S22]: Column not found: 1054 Unknown column '12606130' in 'where clause' at D:\\phpCode\\fiction\\vendor\\doctrine\\dbal\\lib\\Doctrine\\DBAL\\Driver\\PDOConnection.php:63)
[stacktrace]
#0 D:\\phpCode\\fiction\\vendor\\laravel\\framework\\src\\Illuminate\\Database\\Connection.php(331): Doctrine\\DBAL\\Driver\\PDOConnection->prepare('select `chapter...')
#1 D:\\phpCode\\fiction\\vendor\\laravel\\framework\\src\\Illuminate\\Database\\Connection.php(662): Illuminate\\Database\\Connection->Illuminate\\Database\\{closure}('select `chapter...', Array)
#2 D:\\phpCode\\fiction\\vendor\\laravel\\framework\\src\\Illuminate\\Database\\Connection.php(629): Illuminate\\Database\\Connection->runQueryCallback('select `chapter...', Array, Object(Closure))
#3 D:\\phpCode\\fiction\\vendor\\laravel\\framework\\src\\Illuminate\\Database\\Connection.php(338): Illuminate\\Database\\Connection->run('select `chapter...', Array, Object(Closure))
#4 D:\\phpCode\\fiction\\vendor\\laravel\\framework\\src\\Illuminate\\Database\\Query\\Builder.php(2130): Illuminate\\Database\\Connection->select('select `chapter...', Array, true)
#5 D:\\phpCode\\fiction\\vendor\\laravel\\framework\\src\\Illuminate\\Database\\Query\\Builder.php(2118): Illuminate\\Database\\Query\\Builder->runSelect()
#6 D:\\phpCode\\fiction\\vendor\\laravel\\framework\\src\\Illuminate\\Database\\Query\\Builder.php(2584): Illuminate\\Database\\Query\\Builder->Illuminate\\Database\\Query\\{closure}()
#7 D:\\phpCode\\fiction\\vendor\\laravel\\framework\\src\\Illuminate\\Database\\Query\\Builder.php(2119): Illuminate\\Database\\Query\\Builder->onceWithColumns(Array, Object(Closure))
#8 D:\\phpCode\\fiction\\vendor\\laravel\\framework\\src\\Illuminate\\Database\\Eloquent\\Builder.php(521): Illuminate\\Database\\Query\\Builder->get(Array)
#9 D:\\phpCode\\fiction\\vendor\\laravel\\framework\\src\\Illuminate\\Database\\Eloquent\\Builder.php(505): Illuminate\\Database\\Eloquent\\Builder->getModels(Array)
#10 D:\\phpCode\\fiction\\vendor\\laravel\\framework\\src\\Illuminate\\Database\\Concerns\\BuildsQueries.php(143): Illuminate\\Database\\Eloquent\\Builder->get(Array)
#11 D:\\phpCode\\fiction\\app\\V1\\App\\Controllers\\ArticlesController.php(466): Illuminate\\Database\\Eloquent\\Builder->first(Array)
#12 [internal function]: App\\V1\\App\\Controllers\\ArticlesController->getChapter(Object(Dingo\\Api\\Http\\Request), 14056, 12606130)
#13 D:\\phpCode\\fiction\\vendor\\laravel\\framework\\src\\Illuminate\\Routing\\Controller.php(54): call_user_func_array(Array, Array)
#14 D:\\phpCode\\fiction\\vendor\\laravel\\framework\\src\\Illuminate\\Routing\\ControllerDispatcher.php(45): Illuminate\\Routing\\Controller->callAction('getChapter', Array)
#15 D:\\phpCode\\fiction\\vendor\\laravel\\framework\\src\\Illuminate\\Routing\\Route.php(219): Illuminate\\Routing\\ControllerDispatcher->dispatch(Object(Illuminate\\Routing\\Route), Object(App\\V1\\App\\Controllers\\ArticlesController), 'getChapter')
#16 D:\\phpCode\\fiction\\vendor\\laravel\\framework\\src\\Illuminate\\Routing\\Route.php(176): Illuminate\\Routing\\Route->runController()
#17 D:\\phpCode\\fiction\\vendor\\laravel\\framework\\src\\Illuminate\\Routing\\Router.php(681): Illuminate\\Routing\\Route->run()
#18 D:\\phpCode\\fiction\\vendor\\laravel\\framework\\src\\Illuminate\\Pipeline\\Pipeline.php(130): Illuminate\\Routing\\Router->Illuminate\\Routing\\{closure}(Object(Dingo\\Api\\Http\\Request))
#19 D:\\phpCode\\fiction\\vendor\\laravel\\framework\\src\\Illuminate\\Routing\\Middleware\\ThrottleRequests.php(59): Illuminate\\Pipeline\\Pipeline->Illuminate\\Pipeline\\{closure}(Object(Dingo\\Api\\Http\\Request))
#20 D:\\phpCode\\fiction\\vendor\\laravel\\framework\\src\\Illuminate\\Pipeline\\Pipeline.php(171): Illuminate\\Routing\\Middleware\\ThrottleRequests->handle(Object(Dingo\\Api\\Http\\Request), Object(Closure), 128, '1')
#21 D:\\phpCode\\fiction\\vendor\\dingo\\api\\src\\Http\\Middleware\\PrepareController.php(45): Illuminate\\Pipeline\\Pipeline->Illuminate\\Pipeline\\{closure}(Object(Dingo\\Api\\Http\\Request))
#22 D:\\phpCode\\fiction\\vendor\\laravel\\framework\\src\\Illuminate\\Pipeline\\Pipeline.php(171): Dingo\\Api\\Http\\Middleware\\PrepareController->handle(Object(Dingo\\Api\\Http\\Request), Object(Closure))
#23 D:\\phpCode\\fiction\\vendor\\laravel\\framework\\src\\Illuminate\\Pipeline\\Pipeline.php(105): Illuminate\\Pipeline\\Pipeline->Illuminate\\Pipeline\\{closure}(Object(Dingo\\Api\\Http\\Request))
#24 D:\\phpCode\\fiction\\vendor\\laravel\\framework\\src\\Illuminate\\Routing\\Router.php(683): Illuminate\\Pipeline\\Pipeline->then(Object(Closure))
#25 D:\\phpCode\\fiction\\vendor\\laravel\\framework\\src\\Illuminate\\Routing\\Router.php(658): Illuminate\\Routing\\Router->runRouteWithinStack(Object(Illuminate\\Routing\\Route), Object(Dingo\\Api\\Http\\Request))
#26 D:\\phpCode\\fiction\\vendor\\laravel\\framework\\src\\Illuminate\\Routing\\Router.php(624): Illuminate\\Routing\\Router->runRoute(Object(Dingo\\Api\\Http\\Request), Object(Illuminate\\Routing\\Route))
#27 D:\\phpCode\\fiction\\vendor\\laravel\\framework\\src\\Illuminate\\Routing\\Router.php(613): Illuminate\\Routing\\Router->dispatchToRoute(Object(Dingo\\Api\\Http\\Request))
#28 D:\\phpCode\\fiction\\vendor\\dingo\\api\\src\\Routing\\Adapter\\Laravel.php(88): Illuminate\\Routing\\Router->dispatch(Object(Dingo\\Api\\Http\\Request))
#29 D:\\phpCode\\fiction\\vendor\\dingo\\api\\src\\Routing\\Router.php(514): Dingo\\Api\\Routing\\Adapter\\Laravel->dispatch(Object(Dingo\\Api\\Http\\Request), 'v1')
#30 D:\\phpCode\\fiction\\vendor\\dingo\\api\\src\\Http\\Middleware\\Request.php(126): Dingo\\Api\\Routing\\Router->dispatch(Object(Dingo\\Api\\Http\\Request))
#31 D:\\phpCode\\fiction\\vendor\\laravel\\framework\\src\\Illuminate\\Pipeline\\Pipeline.php(130): Dingo\\Api\\Http\\Middleware\\Request->Dingo\\Api\\Http\\Middleware\\{closure}(Object(Dingo\\Api\\Http\\Request))
#32 D:\\phpCode\\fiction\\vendor\\laravel\\framework\\src\\Illuminate\\Foundation\\Http\\Middleware\\TransformsRequest.php(21): Illuminate\\Pipeline\\Pipeline->Illuminate\\Pipeline\\{closure}(Object(Dingo\\Api\\Http\\Request))
#33 D:\\phpCode\\fiction\\vendor\\laravel\\framework\\src\\Illuminate\\Pipeline\\Pipeline.php(171): Illuminate\\Foundation\\Http\\Middleware\\TransformsRequest->handle(Object(Dingo\\Api\\Http\\Request), Object(Closure))
#34 D:\\phpCode\\fiction\\vendor\\laravel\\framework\\src\\Illuminate\\Foundation\\Http\\Middleware\\TransformsRequest.php(21): Illuminate\\Pipeline\\Pipeline->Illuminate\\Pipeline\\{closure}(Object(Dingo\\Api\\Http\\Request))
#35 D:\\phpCode\\fiction\\vendor\\laravel\\framework\\src\\Illuminate\\Pipeline\\Pipeline.php(171): Illuminate\\Foundation\\Http\\Middleware\\TransformsRequest->handle(Object(Dingo\\Api\\Http\\Request), Object(Closure))
#36 D:\\phpCode\\fiction\\vendor\\laravel\\framework\\src\\Illuminate\\Foundation\\Http\\Middleware\\ValidatePostSize.php(27): Illuminate\\Pipeline\\Pipeline->Illuminate\\Pipeline\\{closure}(Object(Dingo\\Api\\Http\\Request))
#37 D:\\phpCode\\fiction\\vendor\\laravel\\framework\\src\\Illuminate\\Pipeline\\Pipeline.php(171): Illuminate\\Foundation\\Http\\Middleware\\ValidatePostSize->handle(Object(Dingo\\Api\\Http\\Request), Object(Closure))
#38 D:\\phpCode\\fiction\\vendor\\laravel\\framework\\src\\Illuminate\\Foundation\\Http\\Middleware\\CheckForMaintenanceMode.php(62): Illuminate\\Pipeline\\Pipeline->Illuminate\\Pipeline\\{closure}(Object(Dingo\\Api\\Http\\Request))
#39 D:\\phpCode\\fiction\\vendor\\laravel\\framework\\src\\Illuminate\\Pipeline\\Pipeline.php(171): Illuminate\\Foundation\\Http\\Middleware\\CheckForMaintenanceMode->handle(Object(Dingo\\Api\\Http\\Request), Object(Closure))
#40 D:\\phpCode\\fiction\\vendor\\fideloper\\proxy\\src\\TrustProxies.php(57): Illuminate\\Pipeline\\Pipeline->Illuminate\\Pipeline\\{closure}(Object(Dingo\\Api\\Http\\Request))
#41 D:\\phpCode\\fiction\\vendor\\laravel\\framework\\src\\Illuminate\\Pipeline\\Pipeline.php(171): Fideloper\\Proxy\\TrustProxies->handle(Object(Dingo\\Api\\Http\\Request), Object(Closure))
#42 D:\\phpCode\\fiction\\vendor\\laravel\\framework\\src\\Illuminate\\Pipeline\\Pipeline.php(105): Illuminate\\Pipeline\\Pipeline->Illuminate\\Pipeline\\{closure}(Object(Dingo\\Api\\Http\\Request))
#43 D:\\phpCode\\fiction\\vendor\\dingo\\api\\src\\Http\\Middleware\\Request.php(127): Illuminate\\Pipeline\\Pipeline->then(Object(Closure))
#44 D:\\phpCode\\fiction\\vendor\\dingo\\api\\src\\Http\\Middleware\\Request.php(103): Dingo\\Api\\Http\\Middleware\\Request->sendRequestThroughRouter(Object(Dingo\\Api\\Http\\Request))
#45 D:\\phpCode\\fiction\\vendor\\laravel\\framework\\src\\Illuminate\\Pipeline\\Pipeline.php(171): Dingo\\Api\\Http\\Middleware\\Request->handle(Object(Dingo\\Api\\Http\\Request), Object(Closure))
#46 D:\\phpCode\\fiction\\vendor\\laravel\\framework\\src\\Illuminate\\Pipeline\\Pipeline.php(105): Illuminate\\Pipeline\\Pipeline->Illuminate\\Pipeline\\{closure}(Object(Illuminate\\Http\\Request))
#47 D:\\phpCode\\fiction\\vendor\\laravel\\framework\\src\\Illuminate\\Foundation\\Http\\Kernel.php(145): Illuminate\\Pipeline\\Pipeline->then(Object(Closure))
#48 D:\\phpCode\\fiction\\vendor\\laravel\\framework\\src\\Illuminate\\Foundation\\Http\\Kernel.php(110): Illuminate\\Foundation\\Http\\Kernel->sendRequestThroughRouter(Object(Illuminate\\Http\\Request))
#49 D:\\phpCode\\fiction\\public\\index.php(55): Illuminate\\Foundation\\Http\\Kernel->handle(Object(Illuminate\\Http\\Request))
#50 {main}

[previous exception] [object] (PDOException(code: 42S22): SQLSTATE[42S22]: Column not found: 1054 Unknown column '12606130' in 'where clause' at D:\\phpCode\\fiction\\vendor\\doctrine\\dbal\\lib\\Doctrine\\DBAL\\Driver\\PDOConnection.php:61)
[stacktrace]
#0 D:\\phpCode\\fiction\\vendor\\doctrine\\dbal\\lib\\Doctrine\\DBAL\\Driver\\PDOConnection.php(61): PDO->prepare('select `chapter...', Array)
#1 D:\\phpCode\\fiction\\vendor\\laravel\\framework\\src\\Illuminate\\Database\\Connection.php(331): Doctrine\\DBAL\\Driver\\PDOConnection->prepare('select `chapter...')
#2 D:\\phpCode\\fiction\\vendor\\laravel\\framework\\src\\Illuminate\\Database\\Connection.php(662): Illuminate\\Database\\Connection->Illuminate\\Database\\{closure}('select `chapter...', Array)
#3 D:\\phpCode\\fiction\\vendor\\laravel\\framework\\src\\Illuminate\\Database\\Connection.php(629): Illuminate\\Database\\Connection->runQueryCallback('select `chapter...', Array, Object(Closure))
#4 D:\\phpCode\\fiction\\vendor\\laravel\\framework\\src\\Illuminate\\Database\\Connection.php(338): Illuminate\\Database\\Connection->run('select `chapter...', Array, Object(Closure))
#5 D:\\phpCode\\fiction\\vendor\\laravel\\framework\\src\\Illuminate\\Database\\Query\\Builder.php(2130): Illuminate\\Database\\Connection->select('select `chapter...', Array, true)
#6 D:\\phpCode\\fiction\\vendor\\laravel\\framework\\src\\Illuminate\\Database\\Query\\Builder.php(2118): Illuminate\\Database\\Query\\Builder->runSelect()
#7 D:\\phpCode\\fiction\\vendor\\laravel\\framework\\src\\Illuminate\\Database\\Query\\Builder.php(2584): Illuminate\\Database\\Query\\Builder->Illuminate\\Database\\Query\\{closure}()
#8 D:\\phpCode\\fiction\\vendor\\laravel\\framework\\src\\Illuminate\\Database\\Query\\Builder.php(2119): Illuminate\\Database\\Query\\Builder->onceWithColumns(Array, Object(Closure))
#9 D:\\phpCode\\fiction\\vendor\\laravel\\framework\\src\\Illuminate\\Database\\Eloquent\\Builder.php(521): Illuminate\\Database\\Query\\Builder->get(Array)
#10 D:\\phpCode\\fiction\\vendor\\laravel\\framework\\src\\Illuminate\\Database\\Eloquent\\Builder.php(505): Illuminate\\Database\\Eloquent\\Builder->getModels(Array)
#11 D:\\phpCode\\fiction\\vendor\\laravel\\framework\\src\\Illuminate\\Database\\Concerns\\BuildsQueries.php(143): Illuminate\\Database\\Eloquent\\Builder->get(Array)
#12 D:\\phpCode\\fiction\\app\\V1\\App\\Controllers\\ArticlesController.php(466): Illuminate\\Database\\Eloquent\\Builder->first(Array)
#13 [internal function]: App\\V1\\App\\Controllers\\ArticlesController->getChapter(Object(Dingo\\Api\\Http\\Request), 14056, 12606130)
#14 D:\\phpCode\\fiction\\vendor\\laravel\\framework\\src\\Illuminate\\Routing\\Controller.php(54): call_user_func_array(Array, Array)
#15 D:\\phpCode\\fiction\\vendor\\laravel\\framework\\src\\Illuminate\\Routing\\ControllerDispatcher.php(45): Illuminate\\Routing\\Controller->callAction('getChapter', Array)
#16 D:\\phpCode\\fiction\\vendor\\laravel\\framework\\src\\Illuminate\\Routing\\Route.php(219): Illuminate\\Routing\\ControllerDispatcher->dispatch(Object(Illuminate\\Routing\\Route), Object(App\\V1\\App\\Controllers\\ArticlesController), 'getChapter')
#17 D:\\phpCode\\fiction\\vendor\\laravel\\framework\\src\\Illuminate\\Routing\\Route.php(176): Illuminate\\Routing\\Route->runController()
#18 D:\\phpCode\\fiction\\vendor\\laravel\\framework\\src\\Illuminate\\Routing\\Router.php(681): Illuminate\\Routing\\Route->run()
#19 D:\\phpCode\\fiction\\vendor\\laravel\\framework\\src\\Illuminate\\Pipeline\\Pipeline.php(130): Illuminate\\Routing\\Router->Illuminate\\Routing\\{closure}(Object(Dingo\\Api\\Http\\Request))
#20 D:\\phpCode\\fiction\\vendor\\laravel\\framework\\src\\Illuminate\\Routing\\Middleware\\ThrottleRequests.php(59): Illuminate\\Pipeline\\Pipeline->Illuminate\\Pipeline\\{closure}(Object(Dingo\\Api\\Http\\Request))
#21 D:\\phpCode\\fiction\\vendor\\laravel\\framework\\src\\Illuminate\\Pipeline\\Pipeline.php(171): Illuminate\\Routing\\Middleware\\ThrottleRequests->handle(Object(Dingo\\Api\\Http\\Request), Object(Closure), 128, '1')
#22 D:\\phpCode\\fiction\\vendor\\dingo\\api\\src\\Http\\Middleware\\PrepareController.php(45): Illuminate\\Pipeline\\Pipeline->Illuminate\\Pipeline\\{closure}(Object(Dingo\\Api\\Http\\Request))
#23 D:\\phpCode\\fiction\\vendor\\laravel\\framework\\src\\Illuminate\\Pipeline\\Pipeline.php(171): Dingo\\Api\\Http\\Middleware\\PrepareController->handle(Object(Dingo\\Api\\Http\\Request), Object(Closure))
#24 D:\\phpCode\\fiction\\vendor\\laravel\\framework\\src\\Illuminate\\Pipeline\\Pipeline.php(105): Illuminate\\Pipeline\\Pipeline->Illuminate\\Pipeline\\{closure}(Object(Dingo\\Api\\Http\\Request))
#25 D:\\phpCode\\fiction\\vendor\\laravel\\framework\\src\\Illuminate\\Routing\\Router.php(683): Illuminate\\Pipeline\\Pipeline->then(Object(Closure))
#26 D:\\phpCode\\fiction\\vendor\\laravel\\framework\\src\\Illuminate\\Routing\\Router.php(658): Illuminate\\Routing\\Router->runRouteWithinStack(Object(Illuminate\\Routing\\Route), Object(Dingo\\Api\\Http\\Request))
#27 D:\\phpCode\\fiction\\vendor\\laravel\\framework\\src\\Illuminate\\Routing\\Router.php(624): Illuminate\\Routing\\Router->runRoute(Object(Dingo\\Api\\Http\\Request), Object(Illuminate\\Routing\\Route))
#28 D:\\phpCode\\fiction\\vendor\\laravel\\framework\\src\\Illuminate\\Routing\\Router.php(613): Illuminate\\Routing\\Router->dispatchToRoute(Object(Dingo\\Api\\Http\\Request))
#29 D:\\phpCode\\fiction\\vendor\\dingo\\api\\src\\Routing\\Adapter\\Laravel.php(88): Illuminate\\Routing\\Router->dispatch(Object(Dingo\\Api\\Http\\Request))
#30 D:\\phpCode\\fiction\\vendor\\dingo\\api\\src\\Routing\\Router.php(514): Dingo\\Api\\Routing\\Adapter\\Laravel->dispatch(Object(Dingo\\Api\\Http\\Request), 'v1')
#31 D:\\phpCode\\fiction\\vendor\\dingo\\api\\src\\Http\\Middleware\\Request.php(126): Dingo\\Api\\Routing\\Router->dispatch(Object(Dingo\\Api\\Http\\Request))
#32 D:\\phpCode\\fiction\\vendor\\laravel\\framework\\src\\Illuminate\\Pipeline\\Pipeline.php(130): Dingo\\Api\\Http\\Middleware\\Request->Dingo\\Api\\Http\\Middleware\\{closure}(Object(Dingo\\Api\\Http\\Request))
#33 D:\\phpCode\\fiction\\vendor\\laravel\\framework\\src\\Illuminate\\Foundation\\Http\\Middleware\\TransformsRequest.php(21): Illuminate\\Pipeline\\Pipeline->Illuminate\\Pipeline\\{closure}(Object(Dingo\\Api\\Http\\Request))
#34 D:\\phpCode\\fiction\\vendor\\laravel\\framework\\src\\Illuminate\\Pipeline\\Pipeline.php(171): Illuminate\\Foundation\\Http\\Middleware\\TransformsRequest->handle(Object(Dingo\\Api\\Http\\Request), Object(Closure))
#35 D:\\phpCode\\fiction\\vendor\\laravel\\framework\\src\\Illuminate\\Foundation\\Http\\Middleware\\TransformsRequest.php(21): Illuminate\\Pipeline\\Pipeline->Illuminate\\Pipeline\\{closure}(Object(Dingo\\Api\\Http\\Request))
#36 D:\\phpCode\\fiction\\vendor\\laravel\\framework\\src\\Illuminate\\Pipeline\\Pipeline.php(171): Illuminate\\Foundation\\Http\\Middleware\\TransformsRequest->handle(Object(Dingo\\Api\\Http\\Request), Object(Closure))
#37 D:\\phpCode\\fiction\\vendor\\laravel\\framework\\src\\Illuminate\\Foundation\\Http\\Middleware\\ValidatePostSize.php(27): Illuminate\\Pipeline\\Pipeline->Illuminate\\Pipeline\\{closure}(Object(Dingo\\Api\\Http\\Request))
#38 D:\\phpCode\\fiction\\vendor\\laravel\\framework\\src\\Illuminate\\Pipeline\\Pipeline.php(171): Illuminate\\Foundation\\Http\\Middleware\\ValidatePostSize->handle(Object(Dingo\\Api\\Http\\Request), Object(Closure))
#39 D:\\phpCode\\fiction\\vendor\\laravel\\framework\\src\\Illuminate\\Foundation\\Http\\Middleware\\CheckForMaintenanceMode.php(62): Illuminate\\Pipeline\\Pipeline->Illuminate\\Pipeline\\{closure}(Object(Dingo\\Api\\Http\\Request))
#40 D:\\phpCode\\fiction\\vendor\\laravel\\framework\\src\\Illuminate\\Pipeline\\Pipeline.php(171): Illuminate\\Foundation\\Http\\Middleware\\CheckForMaintenanceMode->handle(Object(Dingo\\Api\\Http\\Request), Object(Closure))
#41 D:\\phpCode\\fiction\\vendor\\fideloper\\proxy\\src\\TrustProxies.php(57): Illuminate\\Pipeline\\Pipeline->Illuminate\\Pipeline\\{closure}(Object(Dingo\\Api\\Http\\Request))
#42 D:\\phpCode\\fiction\\vendor\\laravel\\framework\\src\\Illuminate\\Pipeline\\Pipeline.php(171): Fideloper\\Proxy\\TrustProxies->handle(Object(Dingo\\Api\\Http\\Request), Object(Closure))
#43 D:\\phpCode\\fiction\\vendor\\laravel\\framework\\src\\Illuminate\\Pipeline\\Pipeline.php(105): Illuminate\\Pipeline\\Pipeline->Illuminate\\Pipeline\\{closure}(Object(Dingo\\Api\\Http\\Request))
#44 D:\\phpCode\\fiction\\vendor\\dingo\\api\\src\\Http\\Middleware\\Request.php(127): Illuminate\\Pipeline\\Pipeline->then(Object(Closure))
#45 D:\\phpCode\\fiction\\vendor\\dingo\\api\\src\\Http\\Middleware\\Request.php(103): Dingo\\Api\\Http\\Middleware\\Request->sendRequestThroughRouter(Object(Dingo\\Api\\Http\\Request))
#46 D:\\phpCode\\fiction\\vendor\\laravel\\framework\\src\\Illuminate\\Pipeline\\Pipeline.php(171): Dingo\\Api\\Http\\Middleware\\Request->handle(Object(Dingo\\Api\\Http\\Request), Object(Closure))
#47 D:\\phpCode\\fiction\\vendor\\laravel\\framework\\src\\Illuminate\\Pipeline\\Pipeline.php(105): Illuminate\\Pipeline\\Pipeline->Illuminate\\Pipeline\\{closure}(Object(Illuminate\\Http\\Request))
#48 D:\\phpCode\\fiction\\vendor\\laravel\\framework\\src\\Illuminate\\Foundation\\Http\\Kernel.php(145): Illuminate\\Pipeline\\Pipeline->then(Object(Closure))
#49 D:\\phpCode\\fiction\\vendor\\laravel\\framework\\src\\Illuminate\\Foundation\\Http\\Kernel.php(110): Illuminate\\Foundation\\Http\\Kernel->sendRequestThroughRouter(Object(Illuminate\\Http\\Request))
#50 D:\\phpCode\\fiction\\public\\index.php(55): Illuminate\\Foundation\\Http\\Kernel->handle(Object(Illuminate\\Http\\Request))
#51 {main}
"} 
